#
# There is insufficient memory for the Java Runtime Environment to continue.
# Native memory allocation (malloc) failed to allocate 5948816 bytes for Chunk::new
# Possible reasons:
#   The system is out of physical RAM or swap space
#   The process is running with CompressedOops enabled, and the Java Heap may be blocking the growth of the native heap
# Possible solutions:
#   Reduce memory load on the system
#   Increase physical memory or swap space
#   Check if swap backing store is full
#   Decrease Java heap size (-Xmx/-Xms)
#   Decrease number of Java threads
#   Decrease Java thread stack sizes (-Xss)
#   Set larger code cache with -XX:ReservedCodeCacheSize=
#   JVM is running with Unscaled Compressed Oops mode in which the Java heap is
#     placed in the first 4GB address space. The Java Heap base address is the
#     maximum limit for the native heap growth. Please use -XX:HeapBaseMinAddress
#     to set the Java Heap base and to place the Java Heap above 4GB virtual address.
# This output file may be truncated or incomplete.
#
#  Out of Memory Error (arena.cpp:168), pid=111464, tid=98680
#
# JRE version: OpenJDK Runtime Environment (21.0.2+13) (build 21.0.2+13-58)
# Java VM: OpenJDK 64-Bit Server VM (21.0.2+13-58, mixed mode, sharing, tiered, compressed oops, compressed class ptrs, g1 gc, windows-amd64)
# No core dump will be written. Minidumps are not enabled by default on client versions of Windows
#

---------------  S U M M A R Y ------------

Command Line: -Dmaven.multiModuleProjectDirectory=C:\Users\okeow\OneDrive\Desktop\Java Projects\User-Management-System -Djansi.passthrough=true -Dmaven.home=C:\Users\okeow\.m2\wrapper\dists\apache-maven-3.9.5-bin\2adeog8mj13csp1uusqnc1f2mo\apache-maven-3.9.5 -Dclassworlds.conf=C:\Users\okeow\.m2\wrapper\dists\apache-maven-3.9.5-bin\2adeog8mj13csp1uusqnc1f2mo\apache-maven-3.9.5\bin\m2.conf -Dmaven.ext.class.path=C:\Program Files\JetBrains\IntelliJ IDEA Community Edition 2023.3.2\plugins\maven\lib\maven-event-listener.jar -javaagent:C:\Program Files\JetBrains\IntelliJ IDEA Community Edition 2023.3.2\lib\idea_rt.jar=51755:C:\Program Files\JetBrains\IntelliJ IDEA Community Edition 2023.3.2\bin -Dfile.encoding=UTF-8 -Dsun.stdout.encoding=UTF-8 -Dsun.stderr.encoding=UTF-8 org.codehaus.classworlds.Launcher -Didea.version=2023.3.2 install

Host: Intel(R) Core(TM) i3-1005G1 CPU @ 1.20GHz, 4 cores, 7G,  Windows 11 , 64 bit Build 22000 (10.0.22000.2538)
Time: Mon Feb 12 13:24:21 2024 W. Central Africa Standard Time elapsed time: 23.322995 seconds (0d 0h 0m 23s)

---------------  T H R E A D  ---------------

Current thread (0x00000151bccb0f50):  JavaThread "C2 CompilerThread0" daemon [_thread_in_native, id=98680, stack(0x0000002ddab00000,0x0000002ddac00000) (1024K)]


Current CompileTask:
C2:  23323 8448   !   4       org.codehaus.plexus.classworlds.realm.ClassRealm::loadClass (33 bytes)

Stack: [0x0000002ddab00000,0x0000002ddac00000]
Native frames: (J=compiled Java code, j=interpreted, Vv=VM code, C=native code)
V  [jvm.dll+0x6cade9]
V  [jvm.dll+0x8569c1]
V  [jvm.dll+0x858d2e]
V  [jvm.dll+0x859413]
V  [jvm.dll+0x280e56]
V  [jvm.dll+0xc3f3d]
V  [jvm.dll+0xc4473]
V  [jvm.dll+0x3b5bf2]
V  [jvm.dll+0x382855]
V  [jvm.dll+0x381cca]
V  [jvm.dll+0x249bd0]
V  [jvm.dll+0x2491b1]
V  [jvm.dll+0x1c9634]
V  [jvm.dll+0x258859]
V  [jvm.dll+0x256e3a]
V  [jvm.dll+0x3ef6c6]
V  [jvm.dll+0x7ff568]
V  [jvm.dll+0x6c953d]
C  [ucrtbase.dll+0x26c0c]
C  [KERNEL32.DLL+0x153e0]
C  [ntdll.dll+0x485b]


---------------  P R O C E S S  ---------------

Threads class SMR info:
_java_thread_list=0x0000015185bdc780, length=18, elements={
0x000001519ea836f0, 0x00000151bcca3710, 0x00000151bcca5270, 0x00000151bcca6760,
0x00000151bcca72b0, 0x00000151bcca7f30, 0x00000151bcca8a80, 0x00000151bccb0f50,
0x00000151bccbbc90, 0x00000151bcd1e350, 0x00000151fe219dc0, 0x00000151fe21eec0,
0x00000151ff309f20, 0x00000151fe2ebf30, 0x00000151fecf8b50, 0x00000151fe247c30,
0x00000151fef9a710, 0x00000151848fc600
}

Java Threads: ( => current thread )
  0x000001519ea836f0 JavaThread "main"                              [_thread_in_native, id=110468, stack(0x0000002dd9d00000,0x0000002dd9e00000) (1024K)]
  0x00000151bcca3710 JavaThread "Reference Handler"          daemon [_thread_blocked, id=102492, stack(0x0000002dda500000,0x0000002dda600000) (1024K)]
  0x00000151bcca5270 JavaThread "Finalizer"                  daemon [_thread_blocked, id=111400, stack(0x0000002dda600000,0x0000002dda700000) (1024K)]
  0x00000151bcca6760 JavaThread "Signal Dispatcher"          daemon [_thread_blocked, id=115508, stack(0x0000002dda700000,0x0000002dda800000) (1024K)]
  0x00000151bcca72b0 JavaThread "Attach Listener"            daemon [_thread_blocked, id=116000, stack(0x0000002dda800000,0x0000002dda900000) (1024K)]
  0x00000151bcca7f30 JavaThread "Service Thread"             daemon [_thread_blocked, id=113232, stack(0x0000002dda900000,0x0000002ddaa00000) (1024K)]
  0x00000151bcca8a80 JavaThread "Monitor Deflation Thread"   daemon [_thread_blocked, id=104528, stack(0x0000002ddaa00000,0x0000002ddab00000) (1024K)]
=>0x00000151bccb0f50 JavaThread "C2 CompilerThread0"         daemon [_thread_in_native, id=98680, stack(0x0000002ddab00000,0x0000002ddac00000) (1024K)]
  0x00000151bccbbc90 JavaThread "C1 CompilerThread0"         daemon [_thread_blocked, id=116080, stack(0x0000002ddac00000,0x0000002ddad00000) (1024K)]
  0x00000151bcd1e350 JavaThread "Common-Cleaner"             daemon [_thread_blocked, id=98080, stack(0x0000002ddad00000,0x0000002ddae00000) (1024K)]
  0x00000151fe219dc0 JavaThread "Monitor Ctrl-Break"         daemon [_thread_in_native, id=112168, stack(0x0000002ddae00000,0x0000002ddaf00000) (1024K)]
  0x00000151fe21eec0 JavaThread "Notification Thread"        daemon [_thread_blocked, id=95676, stack(0x0000002ddaf00000,0x0000002ddb000000) (1024K)]
  0x00000151ff309f20 JavaThread "timeout-check-timer"        daemon [_thread_blocked, id=93288, stack(0x0000002ddb300000,0x0000002ddb400000) (1024K)]
  0x00000151fe2ebf30 JavaThread "ping-timer-10s"             daemon [_thread_blocked, id=94064, stack(0x0000002ddb400000,0x0000002ddb500000) (1024K)]
  0x00000151fecf8b50 JavaThread "ThreadedStreamConsumer"     daemon [_thread_blocked, id=110048, stack(0x0000002ddb500000,0x0000002ddb600000) (1024K)]
  0x00000151fe247c30 JavaThread "fork-1-err-thread"          daemon [_thread_in_native, id=112320, stack(0x0000002ddb600000,0x0000002ddb700000) (1024K)]
  0x00000151fef9a710 JavaThread "commands-fork-1"            daemon [_thread_blocked, id=106316, stack(0x0000002ddb700000,0x0000002ddb800000) (1024K)]
  0x00000151848fc600 JavaThread "fork-1-event-thread"        daemon [_thread_in_native, id=115952, stack(0x0000002ddb800000,0x0000002ddb900000) (1024K)]
Total: 18

Other Threads:
  0x00000151bcc83050 VMThread "VM Thread"                           [id=110684, stack(0x0000002dda400000,0x0000002dda500000) (1024K)]
  0x00000151bcc6c850 WatcherThread "VM Periodic Task Thread"        [id=111980, stack(0x0000002dda300000,0x0000002dda400000) (1024K)]
  0x00000151a0d12bb0 WorkerThread "GC Thread#0"                     [id=115560, stack(0x0000002dd9e00000,0x0000002dd9f00000) (1024K)]
  0x00000151fea4ea00 WorkerThread "GC Thread#1"                     [id=91604, stack(0x0000002ddb000000,0x0000002ddb100000) (1024K)]
  0x00000151fea89600 WorkerThread "GC Thread#2"                     [id=110388, stack(0x0000002ddb100000,0x0000002ddb200000) (1024K)]
  0x00000151fea899a0 WorkerThread "GC Thread#3"                     [id=105608, stack(0x0000002ddb200000,0x0000002ddb300000) (1024K)]
  0x00000151a0d24620 ConcurrentGCThread "G1 Main Marker"            [id=102488, stack(0x0000002dd9f00000,0x0000002dda000000) (1024K)]
  0x00000151a0d258c0 WorkerThread "G1 Conc#0"                       [id=113216, stack(0x0000002dda000000,0x0000002dda100000) (1024K)]
  0x00000151bcb420c0 ConcurrentGCThread "G1 Refine#0"               [id=110780, stack(0x0000002dda100000,0x0000002dda200000) (1024K)]
  0x00000151bcb42b30 ConcurrentGCThread "G1 Service"                [id=112768, stack(0x0000002dda200000,0x0000002dda300000) (1024K)]
Total: 10

Threads with active compile tasks:
C2 CompilerThread0    23374 8448   !   4       org.codehaus.plexus.classworlds.realm.ClassRealm::loadClass (33 bytes)
Total: 1

VM state: not at safepoint (normal execution)

VM Mutex/Monitor currently owned by a thread: None

Heap address: 0x0000000084000000, size: 1984 MB, Compressed Oops mode: 32-bit

CDS archive(s) mapped at: [0x00000151bd000000-0x00000151bdc90000-0x00000151bdc90000), size 13172736, SharedBaseAddress: 0x00000151bd000000, ArchiveRelocationMode: 1.
Compressed class space mapped at: 0x00000151be000000-0x00000151fe000000, reserved size: 1073741824
Narrow klass base: 0x00000151bd000000, Narrow klass shift: 0, Narrow klass range: 0x100000000

GC Precious Log:
 CardTable entry size: 512
 Card Set container configuration: InlinePtr #cards 5 size 8 Array Of Cards #cards 12 size 40 Howl #buckets 4 coarsen threshold 1843 Howl Bitmap #cards 512 size 80 coarsen threshold 460 Card regions per heap region 1 cards per card region 2048
 CPUs: 4 total, 4 available
 Memory: 7934M
 Large Page Support: Disabled
 NUMA Support: Disabled
 Compressed Oops: Enabled (32-bit)
 Heap Region Size: 1M
 Heap Min Capacity: 8M
 Heap Initial Capacity: 124M
 Heap Max Capacity: 1984M
 Pre-touch: Disabled
 Parallel Workers: 4
 Concurrent Workers: 1
 Concurrent Refinement Workers: 4
 Periodic GC: Disabled

Heap:
 garbage-first heap   total 129024K, used 94208K [0x0000000084000000, 0x0000000100000000)
  region size 1024K, 36 young (36864K), 1 survivors (1024K)
 Metaspace       used 35861K, committed 36352K, reserved 1114112K
  class space    used 3966K, committed 4160K, reserved 1048576K

Heap Regions: E=young(eden), S=young(survivor), O=old, HS=humongous(starts), HC=humongous(continues), CS=collection set, F=free, TAMS=top-at-mark-start, PB=parsable bottom
|   0|0x0000000084000000, 0x0000000084100000, 0x0000000084100000|100%| O|  |TAMS 0x0000000084000000| PB 0x0000000084000000| Untracked 
|   1|0x0000000084100000, 0x0000000084200000, 0x0000000084200000|100%| O|  |TAMS 0x0000000084100000| PB 0x0000000084100000| Untracked 
|   2|0x0000000084200000, 0x0000000084300000, 0x0000000084300000|100%| O|  |TAMS 0x0000000084200000| PB 0x0000000084200000| Untracked 
|   3|0x0000000084300000, 0x0000000084400000, 0x0000000084400000|100%| O|  |TAMS 0x0000000084300000| PB 0x0000000084300000| Untracked 
|   4|0x0000000084400000, 0x0000000084500000, 0x0000000084500000|100%|HS|  |TAMS 0x0000000084400000| PB 0x0000000084400000| Complete 
|   5|0x0000000084500000, 0x0000000084600000, 0x0000000084600000|100%| O|  |TAMS 0x0000000084500000| PB 0x0000000084500000| Untracked 
|   6|0x0000000084600000, 0x0000000084700000, 0x0000000084700000|100%|HS|  |TAMS 0x0000000084600000| PB 0x0000000084600000| Complete 
|   7|0x0000000084700000, 0x0000000084800000, 0x0000000084800000|100%|HC|  |TAMS 0x0000000084700000| PB 0x0000000084700000| Complete 
|   8|0x0000000084800000, 0x0000000084800000, 0x0000000084900000|  0%| F|  |TAMS 0x0000000084800000| PB 0x0000000084800000| Untracked 
|   9|0x0000000084900000, 0x0000000084a00000, 0x0000000084a00000|100%| O|  |TAMS 0x0000000084900000| PB 0x0000000084900000| Untracked 
|  10|0x0000000084a00000, 0x0000000084b00000, 0x0000000084b00000|100%| O|  |TAMS 0x0000000084a00000| PB 0x0000000084a00000| Untracked 
|  11|0x0000000084b00000, 0x0000000084c00000, 0x0000000084c00000|100%| O|  |TAMS 0x0000000084b00000| PB 0x0000000084b00000| Untracked 
|  12|0x0000000084c00000, 0x0000000084d00000, 0x0000000084d00000|100%| O|  |TAMS 0x0000000084c00000| PB 0x0000000084c00000| Untracked 
|  13|0x0000000084d00000, 0x0000000084d00000, 0x0000000084e00000|  0%| F|  |TAMS 0x0000000084d00000| PB 0x0000000084d00000| Untracked 
|  14|0x0000000084e00000, 0x0000000084f00000, 0x0000000084f00000|100%| O|  |TAMS 0x0000000084e00000| PB 0x0000000084e00000| Untracked 
|  15|0x0000000084f00000, 0x0000000085000000, 0x0000000085000000|100%| O|  |TAMS 0x0000000084f00000| PB 0x0000000084f00000| Untracked 
|  16|0x0000000085000000, 0x0000000085100000, 0x0000000085100000|100%| O|  |TAMS 0x0000000085000000| PB 0x0000000085000000| Untracked 
|  17|0x0000000085100000, 0x0000000085200000, 0x0000000085200000|100%| O|  |TAMS 0x0000000085100000| PB 0x0000000085100000| Untracked 
|  18|0x0000000085200000, 0x0000000085300000, 0x0000000085300000|100%| O|  |TAMS 0x0000000085200000| PB 0x0000000085200000| Untracked 
|  19|0x0000000085300000, 0x0000000085400000, 0x0000000085400000|100%| O|  |TAMS 0x0000000085300000| PB 0x0000000085300000| Untracked 
|  20|0x0000000085400000, 0x0000000085400000, 0x0000000085500000|  0%| F|  |TAMS 0x0000000085400000| PB 0x0000000085400000| Untracked 
|  21|0x0000000085500000, 0x0000000085600000, 0x0000000085600000|100%|HS|  |TAMS 0x0000000085500000| PB 0x0000000085500000| Complete 
|  22|0x0000000085600000, 0x0000000085700000, 0x0000000085700000|100%|HC|  |TAMS 0x0000000085600000| PB 0x0000000085600000| Complete 
|  23|0x0000000085700000, 0x0000000085800000, 0x0000000085800000|100%| O|  |TAMS 0x0000000085700000| PB 0x0000000085700000| Untracked 
|  24|0x0000000085800000, 0x0000000085900000, 0x0000000085900000|100%| O|  |TAMS 0x0000000085800000| PB 0x0000000085800000| Untracked 
|  25|0x0000000085900000, 0x0000000085a00000, 0x0000000085a00000|100%|HS|  |TAMS 0x0000000085900000| PB 0x0000000085900000| Complete 
|  26|0x0000000085a00000, 0x0000000085b00000, 0x0000000085b00000|100%| O|  |TAMS 0x0000000085a00000| PB 0x0000000085a00000| Untracked 
|  27|0x0000000085b00000, 0x0000000085c00000, 0x0000000085c00000|100%| O|  |TAMS 0x0000000085b00000| PB 0x0000000085b00000| Untracked 
|  28|0x0000000085c00000, 0x0000000085c00000, 0x0000000085d00000|  0%| F|  |TAMS 0x0000000085c00000| PB 0x0000000085c00000| Untracked 
|  29|0x0000000085d00000, 0x0000000085d00000, 0x0000000085e00000|  0%| F|  |TAMS 0x0000000085d00000| PB 0x0000000085d00000| Untracked 
|  30|0x0000000085e00000, 0x0000000085e00000, 0x0000000085f00000|  0%| F|  |TAMS 0x0000000085e00000| PB 0x0000000085e00000| Untracked 
|  31|0x0000000085f00000, 0x0000000086000000, 0x0000000086000000|100%| O|  |TAMS 0x0000000085f00000| PB 0x0000000085f00000| Untracked 
|  32|0x0000000086000000, 0x0000000086000000, 0x0000000086100000|  0%| F|  |TAMS 0x0000000086000000| PB 0x0000000086000000| Untracked 
|  33|0x0000000086100000, 0x0000000086100000, 0x0000000086200000|  0%| F|  |TAMS 0x0000000086100000| PB 0x0000000086100000| Untracked 
|  34|0x0000000086200000, 0x0000000086200000, 0x0000000086300000|  0%| F|  |TAMS 0x0000000086200000| PB 0x0000000086200000| Untracked 
|  35|0x0000000086300000, 0x0000000086400000, 0x0000000086400000|100%| O|  |TAMS 0x0000000086300000| PB 0x0000000086300000| Untracked 
|  36|0x0000000086400000, 0x0000000086500000, 0x0000000086500000|100%| O|  |TAMS 0x0000000086400000| PB 0x0000000086400000| Untracked 
|  37|0x0000000086500000, 0x0000000086600000, 0x0000000086600000|100%| O|  |TAMS 0x0000000086500000| PB 0x0000000086500000| Untracked 
|  38|0x0000000086600000, 0x0000000086700000, 0x0000000086700000|100%| O|  |TAMS 0x0000000086600000| PB 0x0000000086600000| Untracked 
|  39|0x0000000086700000, 0x0000000086800000, 0x0000000086800000|100%| O|  |TAMS 0x0000000086700000| PB 0x0000000086700000| Untracked 
|  40|0x0000000086800000, 0x0000000086900000, 0x0000000086900000|100%| O|  |TAMS 0x0000000086800000| PB 0x0000000086800000| Untracked 
|  41|0x0000000086900000, 0x0000000086a00000, 0x0000000086a00000|100%| O|  |TAMS 0x0000000086900000| PB 0x0000000086900000| Untracked 
|  42|0x0000000086a00000, 0x0000000086b00000, 0x0000000086b00000|100%| O|  |TAMS 0x0000000086a00000| PB 0x0000000086a00000| Untracked 
|  43|0x0000000086b00000, 0x0000000086c00000, 0x0000000086c00000|100%| O|  |TAMS 0x0000000086b00000| PB 0x0000000086b00000| Untracked 
|  44|0x0000000086c00000, 0x0000000086c00000, 0x0000000086d00000|  0%| F|  |TAMS 0x0000000086c00000| PB 0x0000000086c00000| Untracked 
|  45|0x0000000086d00000, 0x0000000086d00000, 0x0000000086e00000|  0%| F|  |TAMS 0x0000000086d00000| PB 0x0000000086d00000| Untracked 
|  46|0x0000000086e00000, 0x0000000086e00000, 0x0000000086f00000|  0%| F|  |TAMS 0x0000000086e00000| PB 0x0000000086e00000| Untracked 
|  47|0x0000000086f00000, 0x0000000086f00000, 0x0000000087000000|  0%| F|  |TAMS 0x0000000086f00000| PB 0x0000000086f00000| Untracked 
|  48|0x0000000087000000, 0x0000000087000000, 0x0000000087100000|  0%| F|  |TAMS 0x0000000087000000| PB 0x0000000087000000| Untracked 
|  49|0x0000000087100000, 0x0000000087200000, 0x0000000087200000|100%| O|  |TAMS 0x0000000087100000| PB 0x0000000087100000| Untracked 
|  50|0x0000000087200000, 0x0000000087300000, 0x0000000087300000|100%| O|  |TAMS 0x0000000087200000| PB 0x0000000087200000| Untracked 
|  51|0x0000000087300000, 0x0000000087400000, 0x0000000087400000|100%| O|  |TAMS 0x0000000087300000| PB 0x0000000087300000| Untracked 
|  52|0x0000000087400000, 0x0000000087500000, 0x0000000087500000|100%| O|  |TAMS 0x0000000087400000| PB 0x0000000087400000| Untracked 
|  53|0x0000000087500000, 0x0000000087600000, 0x0000000087600000|100%| O|  |TAMS 0x0000000087500000| PB 0x0000000087500000| Untracked 
|  54|0x0000000087600000, 0x0000000087700000, 0x0000000087700000|100%| O|  |TAMS 0x0000000087600000| PB 0x0000000087600000| Untracked 
|  55|0x0000000087700000, 0x0000000087800000, 0x0000000087800000|100%| O|  |TAMS 0x0000000087700000| PB 0x0000000087700000| Untracked 
|  56|0x0000000087800000, 0x0000000087900000, 0x0000000087900000|100%| O|  |TAMS 0x0000000087800000| PB 0x0000000087800000| Untracked 
|  57|0x0000000087900000, 0x0000000087a00000, 0x0000000087a00000|100%| O|  |TAMS 0x0000000087900000| PB 0x0000000087900000| Untracked 
|  58|0x0000000087a00000, 0x0000000087b00000, 0x0000000087b00000|100%| O|  |TAMS 0x0000000087a00000| PB 0x0000000087a00000| Untracked 
|  59|0x0000000087b00000, 0x0000000087c00000, 0x0000000087c00000|100%| O|  |TAMS 0x0000000087b00000| PB 0x0000000087b00000| Untracked 
|  60|0x0000000087c00000, 0x0000000087d00000, 0x0000000087d00000|100%| O|  |TAMS 0x0000000087c00000| PB 0x0000000087c00000| Untracked 
|  61|0x0000000087d00000, 0x0000000087e00000, 0x0000000087e00000|100%| O|  |TAMS 0x0000000087d00000| PB 0x0000000087d00000| Untracked 
|  62|0x0000000087e00000, 0x0000000087e00000, 0x0000000087f00000|  0%| F|  |TAMS 0x0000000087e00000| PB 0x0000000087e00000| Untracked 
|  63|0x0000000087f00000, 0x0000000087f00000, 0x0000000088000000|  0%| F|  |TAMS 0x0000000087f00000| PB 0x0000000087f00000| Untracked 
|  64|0x0000000088000000, 0x0000000088100000, 0x0000000088100000|100%| S|CS|TAMS 0x0000000088000000| PB 0x0000000088000000| Complete 
|  65|0x0000000088100000, 0x0000000088100000, 0x0000000088200000|  0%| F|  |TAMS 0x0000000088100000| PB 0x0000000088100000| Untracked 
|  66|0x0000000088200000, 0x0000000088200000, 0x0000000088300000|  0%| F|  |TAMS 0x0000000088200000| PB 0x0000000088200000| Untracked 
|  67|0x0000000088300000, 0x0000000088300000, 0x0000000088400000|  0%| F|  |TAMS 0x0000000088300000| PB 0x0000000088300000| Untracked 
|  68|0x0000000088400000, 0x0000000088400000, 0x0000000088500000|  0%| F|  |TAMS 0x0000000088400000| PB 0x0000000088400000| Untracked 
|  69|0x0000000088500000, 0x0000000088500000, 0x0000000088600000|  0%| F|  |TAMS 0x0000000088500000| PB 0x0000000088500000| Untracked 
|  70|0x0000000088600000, 0x0000000088600000, 0x0000000088700000|  0%| F|  |TAMS 0x0000000088600000| PB 0x0000000088600000| Untracked 
|  71|0x0000000088700000, 0x0000000088700000, 0x0000000088800000|  0%| F|  |TAMS 0x0000000088700000| PB 0x0000000088700000| Untracked 
|  72|0x0000000088800000, 0x0000000088800000, 0x0000000088900000|  0%| F|  |TAMS 0x0000000088800000| PB 0x0000000088800000| Untracked 
|  73|0x0000000088900000, 0x0000000088900000, 0x0000000088a00000|  0%| F|  |TAMS 0x0000000088900000| PB 0x0000000088900000| Untracked 
|  74|0x0000000088a00000, 0x0000000088a00000, 0x0000000088b00000|  0%| F|  |TAMS 0x0000000088a00000| PB 0x0000000088a00000| Untracked 
|  75|0x0000000088b00000, 0x0000000088b00000, 0x0000000088c00000|  0%| F|  |TAMS 0x0000000088b00000| PB 0x0000000088b00000| Untracked 
|  76|0x0000000088c00000, 0x0000000088c00000, 0x0000000088d00000|  0%| F|  |TAMS 0x0000000088c00000| PB 0x0000000088c00000| Untracked 
|  77|0x0000000088d00000, 0x0000000088d00000, 0x0000000088e00000|  0%| F|  |TAMS 0x0000000088d00000| PB 0x0000000088d00000| Untracked 
|  78|0x0000000088e00000, 0x0000000088e00000, 0x0000000088f00000|  0%| F|  |TAMS 0x0000000088e00000| PB 0x0000000088e00000| Untracked 
|  79|0x0000000088f00000, 0x0000000088f00000, 0x0000000089000000|  0%| F|  |TAMS 0x0000000088f00000| PB 0x0000000088f00000| Untracked 
|  80|0x0000000089000000, 0x0000000089000000, 0x0000000089100000|  0%| F|  |TAMS 0x0000000089000000| PB 0x0000000089000000| Untracked 
|  81|0x0000000089100000, 0x0000000089100000, 0x0000000089200000|  0%| F|  |TAMS 0x0000000089100000| PB 0x0000000089100000| Untracked 
|  82|0x0000000089200000, 0x00000000892d27e0, 0x0000000089300000| 82%| E|  |TAMS 0x0000000089200000| PB 0x0000000089200000| Complete 
|  83|0x0000000089300000, 0x0000000089400000, 0x0000000089400000|100%| E|CS|TAMS 0x0000000089300000| PB 0x0000000089300000| Complete 
|  84|0x0000000089400000, 0x0000000089500000, 0x0000000089500000|100%| E|CS|TAMS 0x0000000089400000| PB 0x0000000089400000| Complete 
|  85|0x0000000089500000, 0x0000000089600000, 0x0000000089600000|100%| E|CS|TAMS 0x0000000089500000| PB 0x0000000089500000| Complete 
|  86|0x0000000089600000, 0x0000000089700000, 0x0000000089700000|100%| E|CS|TAMS 0x0000000089600000| PB 0x0000000089600000| Complete 
|  87|0x0000000089700000, 0x0000000089800000, 0x0000000089800000|100%| E|CS|TAMS 0x0000000089700000| PB 0x0000000089700000| Complete 
|  88|0x0000000089800000, 0x0000000089900000, 0x0000000089900000|100%| E|CS|TAMS 0x0000000089800000| PB 0x0000000089800000| Complete 
|  89|0x0000000089900000, 0x0000000089a00000, 0x0000000089a00000|100%| E|CS|TAMS 0x0000000089900000| PB 0x0000000089900000| Complete 
|  90|0x0000000089a00000, 0x0000000089b00000, 0x0000000089b00000|100%| E|CS|TAMS 0x0000000089a00000| PB 0x0000000089a00000| Complete 
|  91|0x0000000089b00000, 0x0000000089c00000, 0x0000000089c00000|100%| E|CS|TAMS 0x0000000089b00000| PB 0x0000000089b00000| Complete 
|  92|0x0000000089c00000, 0x0000000089d00000, 0x0000000089d00000|100%| E|CS|TAMS 0x0000000089c00000| PB 0x0000000089c00000| Complete 
|  93|0x0000000089d00000, 0x0000000089e00000, 0x0000000089e00000|100%| E|CS|TAMS 0x0000000089d00000| PB 0x0000000089d00000| Complete 
|  94|0x0000000089e00000, 0x0000000089f00000, 0x0000000089f00000|100%| E|CS|TAMS 0x0000000089e00000| PB 0x0000000089e00000| Complete 
|  95|0x0000000089f00000, 0x000000008a000000, 0x000000008a000000|100%| E|CS|TAMS 0x0000000089f00000| PB 0x0000000089f00000| Complete 
|  96|0x000000008a000000, 0x000000008a100000, 0x000000008a100000|100%| E|CS|TAMS 0x000000008a000000| PB 0x000000008a000000| Complete 
|  97|0x000000008a100000, 0x000000008a200000, 0x000000008a200000|100%| E|CS|TAMS 0x000000008a100000| PB 0x000000008a100000| Complete 
|  98|0x000000008a200000, 0x000000008a300000, 0x000000008a300000|100%| E|CS|TAMS 0x000000008a200000| PB 0x000000008a200000| Complete 
|  99|0x000000008a300000, 0x000000008a400000, 0x000000008a400000|100%| E|CS|TAMS 0x000000008a300000| PB 0x000000008a300000| Complete 
| 100|0x000000008a400000, 0x000000008a500000, 0x000000008a500000|100%| E|CS|TAMS 0x000000008a400000| PB 0x000000008a400000| Complete 
| 101|0x000000008a500000, 0x000000008a600000, 0x000000008a600000|100%| E|CS|TAMS 0x000000008a500000| PB 0x000000008a500000| Complete 
| 102|0x000000008a600000, 0x000000008a700000, 0x000000008a700000|100%| E|CS|TAMS 0x000000008a600000| PB 0x000000008a600000| Complete 
| 103|0x000000008a700000, 0x000000008a800000, 0x000000008a800000|100%| E|CS|TAMS 0x000000008a700000| PB 0x000000008a700000| Complete 
| 104|0x000000008a800000, 0x000000008a900000, 0x000000008a900000|100%| E|CS|TAMS 0x000000008a800000| PB 0x000000008a800000| Complete 
| 105|0x000000008a900000, 0x000000008aa00000, 0x000000008aa00000|100%| E|CS|TAMS 0x000000008a900000| PB 0x000000008a900000| Complete 
| 106|0x000000008aa00000, 0x000000008ab00000, 0x000000008ab00000|100%| E|CS|TAMS 0x000000008aa00000| PB 0x000000008aa00000| Complete 
| 107|0x000000008ab00000, 0x000000008ac00000, 0x000000008ac00000|100%| E|CS|TAMS 0x000000008ab00000| PB 0x000000008ab00000| Complete 
| 108|0x000000008ac00000, 0x000000008ad00000, 0x000000008ad00000|100%| E|CS|TAMS 0x000000008ac00000| PB 0x000000008ac00000| Complete 
| 109|0x000000008ad00000, 0x000000008ae00000, 0x000000008ae00000|100%| E|CS|TAMS 0x000000008ad00000| PB 0x000000008ad00000| Complete 
| 110|0x000000008ae00000, 0x000000008af00000, 0x000000008af00000|100%| E|CS|TAMS 0x000000008ae00000| PB 0x000000008ae00000| Complete 
| 111|0x000000008af00000, 0x000000008b000000, 0x000000008b000000|100%| E|CS|TAMS 0x000000008af00000| PB 0x000000008af00000| Complete 
| 112|0x000000008b000000, 0x000000008b100000, 0x000000008b100000|100%| E|CS|TAMS 0x000000008b000000| PB 0x000000008b000000| Complete 
| 124|0x000000008bc00000, 0x000000008bd00000, 0x000000008bd00000|100%| E|CS|TAMS 0x000000008bc00000| PB 0x000000008bc00000| Complete 
|1972|0x00000000ff400000, 0x00000000ff500000, 0x00000000ff500000|100%| O|  |TAMS 0x00000000ff400000| PB 0x00000000ff400000| Untracked 
|1973|0x00000000ff500000, 0x00000000ff600000, 0x00000000ff600000|100%| O|  |TAMS 0x00000000ff500000| PB 0x00000000ff500000| Untracked 
|1974|0x00000000ff600000, 0x00000000ff700000, 0x00000000ff700000|100%| O|  |TAMS 0x00000000ff600000| PB 0x00000000ff600000| Untracked 
|1975|0x00000000ff700000, 0x00000000ff800000, 0x00000000ff800000|100%| O|  |TAMS 0x00000000ff700000| PB 0x00000000ff700000| Untracked 
|1976|0x00000000ff800000, 0x00000000ff900000, 0x00000000ff900000|100%| O|  |TAMS 0x00000000ff800000| PB 0x00000000ff800000| Untracked 
|1977|0x00000000ff900000, 0x00000000ffa00000, 0x00000000ffa00000|100%| O|  |TAMS 0x00000000ff900000| PB 0x00000000ff900000| Untracked 
|1978|0x00000000ffa00000, 0x00000000ffb00000, 0x00000000ffb00000|100%| E|CS|TAMS 0x00000000ffa00000| PB 0x00000000ffa00000| Complete 
|1979|0x00000000ffb00000, 0x00000000ffc00000, 0x00000000ffc00000|100%| O|  |TAMS 0x00000000ffb00000| PB 0x00000000ffb00000| Untracked 
|1980|0x00000000ffc00000, 0x00000000ffd00000, 0x00000000ffd00000|100%| O|  |TAMS 0x00000000ffc00000| PB 0x00000000ffc00000| Untracked 
|1981|0x00000000ffd00000, 0x00000000ffe00000, 0x00000000ffe00000|100%| E|CS|TAMS 0x00000000ffd00000| PB 0x00000000ffd00000| Complete 
|1982|0x00000000ffe00000, 0x00000000fff00000, 0x00000000fff00000|100%| O|  |TAMS 0x00000000ffe00000| PB 0x00000000ffe00000| Untracked 
|1983|0x00000000fff00000, 0x0000000100000000, 0x0000000100000000|100%| E|CS|TAMS 0x00000000fff00000| PB 0x00000000fff00000| Complete 

Card table byte_map: [0x00000151b8500000,0x00000151b88e0000] _byte_map_base: 0x00000151b80e0000

Marking Bits: (CMBitMap*) 0x00000151a0d132b0
 Bits: [0x00000151b88e0000, 0x00000151ba7e0000)

Polling page: 0x000001519ecd0000

Metaspace:

Usage:
  Non-class:     31.15 MB used.
      Class:      3.87 MB used.
       Both:     35.02 MB used.

Virtual space:
  Non-class space:       64.00 MB reserved,      31.44 MB ( 49%) committed,  1 nodes.
      Class space:        1.00 GB reserved,       4.06 MB ( <1%) committed,  1 nodes.
             Both:        1.06 GB reserved,      35.50 MB (  3%) committed. 

Chunk freelists:
   Non-Class:  208.00 KB
       Class:  11.94 MB
        Both:  12.14 MB

MaxMetaspaceSize: unlimited
CompressedClassSpaceSize: 1.00 GB
Initial GC threshold: 21.00 MB
Current GC threshold: 52.12 MB
CDS: on
 - commit_granule_bytes: 65536.
 - commit_granule_words: 8192.
 - virtual_space_node_default_size: 8388608.
 - enlarge_chunks_in_place: 1.
 - use_allocation_guard: 0.


Internal statistics:

num_allocs_failed_limit: 9.
num_arena_births: 422.
num_arena_deaths: 0.
num_vsnodes_births: 2.
num_vsnodes_deaths: 0.
num_space_committed: 568.
num_space_uncommitted: 0.
num_chunks_returned_to_freelist: 9.
num_chunks_taken_from_freelist: 1691.
num_chunk_merges: 9.
num_chunk_splits: 1225.
num_chunks_enlarged: 960.
num_inconsistent_stats: 0.

CodeHeap 'non-profiled nmethods': size=120000Kb used=4241Kb max_used=4241Kb free=115758Kb
 bounds [0x00000151b0bf0000, 0x00000151b1020000, 0x00000151b8120000]
CodeHeap 'profiled nmethods': size=120000Kb used=16769Kb max_used=17425Kb free=103231Kb
 bounds [0x00000151a9120000, 0x00000151aa240000, 0x00000151b0650000]
CodeHeap 'non-nmethods': size=5760Kb used=1690Kb max_used=1704Kb free=4070Kb
 bounds [0x00000151b0650000, 0x00000151b08c0000, 0x00000151b0bf0000]
 total_blobs=8235 nmethods=7644 adapters=492
 compilation: enabled
              stopped_count=0, restarted_count=0
 full_count=0

Compilation events (20 events):
Event: 18.564 Thread 0x00000151bccbbc90 8451       1       java.util.concurrent.atomic.AtomicInteger::get (5 bytes)
Event: 18.564 Thread 0x00000151bccbbc90 nmethod 8451 0x00000151b1013490 code [0x00000151b1013620, 0x00000151b10136e8]
Event: 20.394 Thread 0x00000151bccbbc90 8452       3       java.lang.StringBuilder::append (8 bytes)
Event: 20.395 Thread 0x00000151bccbbc90 nmethod 8452 0x00000151a9b11a10 code [0x00000151a9b11bc0, 0x00000151a9b11d10]
Event: 20.399 Thread 0x00000151bccb0f50 

Event: 20.399 Thread 0x00000151bccb0f50 8449   !   4       java.lang.ClassLoader::loadClass (121 bytes)
Event: 20.399 Thread 0x00000151bccbbc90 8453       3       java.lang.StringBuilder::toString (9 bytes)
Event: 20.400 Thread 0x00000151bccbbc90 nmethod 8453 0x00000151a9b96a90 code [0x00000151a9b96c40, 0x00000151a9b96e50]
Event: 20.985 Thread 0x00000151bccbbc90 8455       3       java.lang.invoke.MethodHandleImpl$IntrinsicMethodHandle::<init> (25 bytes)
Event: 20.985 Thread 0x00000151bccbbc90 nmethod 8455 0x00000151a9b96090 code [0x00000151a9b96280, 0x00000151a9b968b8]
Event: 22.008 Thread 0x00000151bccbbc90 8456       1       org.apache.maven.surefire.api.stream.AbstractStreamDecoder$Memento::getByteBuffer (5 bytes)
Event: 22.008 Thread 0x00000151bccbbc90 nmethod 8456 0x00000151b1013790 code [0x00000151b1013920, 0x00000151b10139e8]
Event: 22.113 Thread 0x00000151bccb0f50 

Event: 22.113 Thread 0x00000151bccb0f50 8454       4       java.lang.invoke.MethodType::equals (56 bytes)
Event: 22.117 Thread 0x00000151bccb0f50 nmethod 8454 0x00000151b1013a90 code [0x00000151b1013c40, 0x00000151b1013f18]
Event: 22.117 Thread 0x00000151bccb0f50 8448   !   4       org.codehaus.plexus.classworlds.realm.ClassRealm::loadClass (33 bytes)
Event: 22.949 Thread 0x00000151bccbbc90 8458       1       org.apache.maven.surefire.api.stream.AbstractStreamDecoder$Memento::access$000 (5 bytes)
Event: 22.949 Thread 0x00000151bccbbc90 nmethod 8458 0x00000151b1014190 code [0x00000151b1014320, 0x00000151b10143d0]
Event: 22.949 Thread 0x00000151bccbbc90 8460       1       org.apache.maven.surefire.api.util.internal.AbstractNoninterruptibleReadableChannel::isOpen (5 bytes)
Event: 22.949 Thread 0x00000151bccbbc90 nmethod 8460 0x00000151b1014490 code [0x00000151b1014620, 0x00000151b10146f0]

GC Heap History (20 events):
Event: 5.298 GC heap before
{Heap before GC invocations=3 (full 0):
 garbage-first heap   total 126976K, used 78705K [0x0000000084000000, 0x0000000100000000)
  region size 1024K, 74 young (75776K), 4 survivors (4096K)
 Metaspace       used 16722K, committed 17024K, reserved 1114112K
  class space    used 1910K, committed 2048K, reserved 1048576K
}
Event: 5.321 GC heap after
{Heap after GC invocations=4 (full 0):
 garbage-first heap   total 126976K, used 14172K [0x0000000084000000, 0x0000000100000000)
  region size 1024K, 10 young (10240K), 10 survivors (10240K)
 Metaspace       used 16722K, committed 17024K, reserved 1114112K
  class space    used 1910K, committed 2048K, reserved 1048576K
}
Event: 8.290 GC heap before
{Heap before GC invocations=4 (full 0):
 garbage-first heap   total 126976K, used 113500K [0x0000000084000000, 0x0000000100000000)
  region size 1024K, 74 young (75776K), 10 survivors (10240K)
 Metaspace       used 20427K, committed 20736K, reserved 1114112K
  class space    used 2273K, committed 2432K, reserved 1048576K
}
Event: 8.304 GC heap after
{Heap after GC invocations=5 (full 0):
 garbage-first heap   total 129024K, used 18319K [0x0000000084000000, 0x0000000100000000)
  region size 1024K, 5 young (5120K), 5 survivors (5120K)
 Metaspace       used 20427K, committed 20736K, reserved 1114112K
  class space    used 2273K, committed 2432K, reserved 1048576K
}
Event: 8.455 GC heap before
{Heap before GC invocations=5 (full 0):
 garbage-first heap   total 129024K, used 33679K [0x0000000084000000, 0x0000000100000000)
  region size 1024K, 17 young (17408K), 5 survivors (5120K)
 Metaspace       used 21203K, committed 21504K, reserved 1114112K
  class space    used 2364K, committed 2496K, reserved 1048576K
}
Event: 8.461 GC heap after
{Heap after GC invocations=6 (full 0):
 garbage-first heap   total 129024K, used 26511K [0x0000000084000000, 0x0000000100000000)
  region size 1024K, 9 young (9216K), 9 survivors (9216K)
 Metaspace       used 21203K, committed 21504K, reserved 1114112K
  class space    used 2364K, committed 2496K, reserved 1048576K
}
Event: 11.220 GC heap before
{Heap before GC invocations=7 (full 0):
 garbage-first heap   total 96256K, used 75663K [0x0000000084000000, 0x0000000100000000)
  region size 1024K, 56 young (57344K), 9 survivors (9216K)
 Metaspace       used 27231K, committed 27520K, reserved 1114112K
  class space    used 3034K, committed 3136K, reserved 1048576K
}
Event: 11.243 GC heap after
{Heap after GC invocations=8 (full 0):
 garbage-first heap   total 101376K, used 41359K [0x0000000084000000, 0x0000000100000000)
  region size 1024K, 7 young (7168K), 7 survivors (7168K)
 Metaspace       used 27231K, committed 27520K, reserved 1114112K
  class space    used 3034K, committed 3136K, reserved 1048576K
}
Event: 12.572 GC heap before
{Heap before GC invocations=8 (full 0):
 garbage-first heap   total 101376K, used 80271K [0x0000000084000000, 0x0000000100000000)
  region size 1024K, 45 young (46080K), 7 survivors (7168K)
 Metaspace       used 29374K, committed 29824K, reserved 1114112K
  class space    used 3255K, committed 3456K, reserved 1048576K
}
Event: 12.582 GC heap after
{Heap after GC invocations=9 (full 0):
 garbage-first heap   total 101376K, used 44544K [0x0000000084000000, 0x0000000100000000)
  region size 1024K, 2 young (2048K), 2 survivors (2048K)
 Metaspace       used 29374K, committed 29824K, reserved 1114112K
  class space    used 3255K, committed 3456K, reserved 1048576K
}
Event: 13.450 GC heap before
{Heap before GC invocations=9 (full 0):
 garbage-first heap   total 101376K, used 83456K [0x0000000084000000, 0x0000000100000000)
  region size 1024K, 40 young (40960K), 2 survivors (2048K)
 Metaspace       used 31530K, committed 32000K, reserved 1114112K
  class space    used 3500K, committed 3712K, reserved 1048576K
}
Event: 13.457 GC heap after
{Heap after GC invocations=10 (full 0):
 garbage-first heap   total 101376K, used 45102K [0x0000000084000000, 0x0000000100000000)
  region size 1024K, 4 young (4096K), 4 survivors (4096K)
 Metaspace       used 31530K, committed 32000K, reserved 1114112K
  class space    used 3500K, committed 3712K, reserved 1048576K
}
Event: 14.029 GC heap before
{Heap before GC invocations=10 (full 0):
 garbage-first heap   total 101376K, used 62510K [0x0000000084000000, 0x0000000100000000)
  region size 1024K, 19 young (19456K), 4 survivors (4096K)
 Metaspace       used 31562K, committed 32000K, reserved 1114112K
  class space    used 3501K, committed 3712K, reserved 1048576K
}
Event: 14.041 GC heap after
{Heap after GC invocations=11 (full 0):
 garbage-first heap   total 101376K, used 51771K [0x0000000084000000, 0x0000000100000000)
  region size 1024K, 6 young (6144K), 6 survivors (6144K)
 Metaspace       used 31562K, committed 32000K, reserved 1114112K
  class space    used 3501K, committed 3712K, reserved 1048576K
}
Event: 14.537 GC heap before
{Heap before GC invocations=12 (full 0):
 garbage-first heap   total 101376K, used 87611K [0x0000000084000000, 0x0000000100000000)
  region size 1024K, 39 young (39936K), 6 survivors (6144K)
 Metaspace       used 31578K, committed 32064K, reserved 1114112K
  class space    used 3502K, committed 3712K, reserved 1048576K
}
Event: 14.554 GC heap after
{Heap after GC invocations=13 (full 0):
 garbage-first heap   total 107520K, used 67584K [0x0000000084000000, 0x0000000100000000)
  region size 1024K, 5 young (5120K), 5 survivors (5120K)
 Metaspace       used 31578K, committed 32064K, reserved 1114112K
  class space    used 3502K, committed 3712K, reserved 1048576K
}
Event: 15.676 GC heap before
{Heap before GC invocations=13 (full 0):
 garbage-first heap   total 107520K, used 90112K [0x0000000084000000, 0x0000000100000000)
  region size 1024K, 28 young (28672K), 5 survivors (5120K)
 Metaspace       used 32083K, committed 32576K, reserved 1114112K
  class space    used 3559K, committed 3776K, reserved 1048576K
}
Event: 15.688 GC heap after
{Heap after GC invocations=14 (full 0):
 garbage-first heap   total 107520K, used 61419K [0x0000000084000000, 0x0000000100000000)
  region size 1024K, 4 young (4096K), 4 survivors (4096K)
 Metaspace       used 32083K, committed 32576K, reserved 1114112K
  class space    used 3559K, committed 3776K, reserved 1048576K
}
Event: 17.464 GC heap before
{Heap before GC invocations=14 (full 0):
 garbage-first heap   total 107520K, used 88043K [0x0000000084000000, 0x0000000100000000)
  region size 1024K, 31 young (31744K), 4 survivors (4096K)
 Metaspace       used 33019K, committed 33536K, reserved 1114112K
  class space    used 3663K, committed 3904K, reserved 1048576K
}
Event: 17.470 GC heap after
{Heap after GC invocations=15 (full 0):
 garbage-first heap   total 129024K, used 59392K [0x0000000084000000, 0x0000000100000000)
  region size 1024K, 1 young (1024K), 1 survivors (1024K)
 Metaspace       used 33019K, committed 33536K, reserved 1114112K
  class space    used 3663K, committed 3904K, reserved 1048576K
}

Dll operation events (12 events):
Event: 0.019 Loaded shared library C:\Users\okeow\.jdks\openjdk-21.0.2\bin\java.dll
Event: 0.058 Loaded shared library C:\Users\okeow\.jdks\openjdk-21.0.2\bin\jsvml.dll
Event: 0.142 Loaded shared library C:\Users\okeow\.jdks\openjdk-21.0.2\bin\zip.dll
Event: 0.146 Loaded shared library C:\Users\okeow\.jdks\openjdk-21.0.2\bin\instrument.dll
Event: 0.156 Loaded shared library C:\Users\okeow\.jdks\openjdk-21.0.2\bin\net.dll
Event: 0.161 Loaded shared library C:\Users\okeow\.jdks\openjdk-21.0.2\bin\nio.dll
Event: 0.166 Loaded shared library C:\Users\okeow\.jdks\openjdk-21.0.2\bin\zip.dll
Event: 0.204 Loaded shared library C:\Program Files\JetBrains\IntelliJ IDEA Community Edition 2023.3.2\bin\breakgen64.dll
Event: 0.376 Loaded shared library C:\Users\okeow\.jdks\openjdk-21.0.2\bin\extnet.dll
Event: 0.551 Loaded shared library C:\Users\okeow\.jdks\openjdk-21.0.2\bin\jimage.dll
Event: 0.579 Loaded shared library C:\Users\okeow\AppData\Local\Temp\jansi-2.4.0-cf7d9e59eef7792d-jansi.dll
Event: 0.591 Loaded shared library C:\Users\okeow\.jdks\openjdk-21.0.2\bin\verify.dll

Deoptimization events (20 events):
Event: 20.984 Thread 0x00000151fecf8b50 Uncommon trap: trap_request=0xffffffde fr.pc=0x00000151b0f43d94 relative=0x00000000000000d4
Event: 20.984 Thread 0x00000151fecf8b50 Uncommon trap: reason=class_check action=maybe_recompile pc=0x00000151b0f43d94 method=java.util.regex.Pattern.lambda$union$3(Ljava/util/regex/Pattern$CharPredicate;Ljava/util/regex/Pattern$CharPredicate;I)Z @ 12 c2
Event: 20.984 Thread 0x00000151fecf8b50 DEOPT PACKING pc=0x00000151b0f43d94 sp=0x0000002ddb5fd790
Event: 20.984 Thread 0x00000151fecf8b50 DEOPT UNPACKING pc=0x00000151b06a7da2 sp=0x0000002ddb5fd6a8 mode 2
Event: 20.984 Thread 0x00000151fecf8b50 Uncommon trap: trap_request=0xffffffc6 fr.pc=0x00000151b0d15120 relative=0x00000000000002a0
Event: 20.984 Thread 0x00000151fecf8b50 Uncommon trap: reason=bimorphic_or_optimized_type_check action=maybe_recompile pc=0x00000151b0d15120 method=java.util.regex.Pattern.lambda$union$3(Ljava/util/regex/Pattern$CharPredicate;Ljava/util/regex/Pattern$CharPredicate;I)Z @ 2 c2
Event: 20.984 Thread 0x00000151fecf8b50 DEOPT PACKING pc=0x00000151b0d15120 sp=0x0000002ddb5fd980
Event: 20.984 Thread 0x00000151fecf8b50 DEOPT UNPACKING pc=0x00000151b06a7da2 sp=0x0000002ddb5fd7c8 mode 2
Event: 20.984 Thread 0x00000151fecf8b50 Uncommon trap: trap_request=0xffffffc6 fr.pc=0x00000151b0d15120 relative=0x00000000000002a0
Event: 20.984 Thread 0x00000151fecf8b50 Uncommon trap: reason=bimorphic_or_optimized_type_check action=maybe_recompile pc=0x00000151b0d15120 method=java.util.regex.Pattern.lambda$union$3(Ljava/util/regex/Pattern$CharPredicate;Ljava/util/regex/Pattern$CharPredicate;I)Z @ 2 c2
Event: 20.984 Thread 0x00000151fecf8b50 DEOPT PACKING pc=0x00000151b0d15120 sp=0x0000002ddb5fd980
Event: 20.984 Thread 0x00000151fecf8b50 DEOPT UNPACKING pc=0x00000151b06a7da2 sp=0x0000002ddb5fd7c8 mode 2
Event: 21.547 Thread 0x00000151848fc600 Uncommon trap: trap_request=0xffffffde fr.pc=0x00000151b0ec2d48 relative=0x0000000000000188
Event: 21.547 Thread 0x00000151848fc600 Uncommon trap: reason=class_check action=maybe_recompile pc=0x00000151b0ec2d48 method=java.util.concurrent.locks.AbstractQueuedSynchronizer.acquireShared(I)V @ 2 c2
Event: 21.547 Thread 0x00000151848fc600 DEOPT PACKING pc=0x00000151b0ec2d48 sp=0x0000002ddb8ff180
Event: 21.547 Thread 0x00000151848fc600 DEOPT UNPACKING pc=0x00000151b06a7da2 sp=0x0000002ddb8ff158 mode 2
Event: 22.008 Thread 0x00000151848fc600 Uncommon trap: trap_request=0xffffffde fr.pc=0x00000151b0ec2d48 relative=0x0000000000000188
Event: 22.008 Thread 0x00000151848fc600 Uncommon trap: reason=class_check action=maybe_recompile pc=0x00000151b0ec2d48 method=java.util.concurrent.locks.AbstractQueuedSynchronizer.acquireShared(I)V @ 2 c2
Event: 22.008 Thread 0x00000151848fc600 DEOPT PACKING pc=0x00000151b0ec2d48 sp=0x0000002ddb8ff180
Event: 22.008 Thread 0x00000151848fc600 DEOPT UNPACKING pc=0x00000151b06a7da2 sp=0x0000002ddb8ff158 mode 2

Classes loaded (20 events):
Event: 18.360 Loading class jdk/internal/logger/LoggerFinderLoader
Event: 18.360 Loading class jdk/internal/logger/LoggerFinderLoader done
Event: 18.362 Loading class jdk/internal/logger/LoggerFinderLoader$TemporaryLoggerFinder
Event: 18.362 Loading class jdk/internal/logger/LoggerFinderLoader$TemporaryLoggerFinder done
Event: 18.362 Loading class sun/util/logging/internal/LoggingProviderImpl$JULWrapper
Event: 18.363 Loading class sun/util/logging/PlatformLogger$ConfigurableBridge$LoggerConfiguration
Event: 18.363 Loading class sun/util/logging/PlatformLogger$ConfigurableBridge$LoggerConfiguration done
Event: 18.363 Loading class sun/util/logging/internal/LoggingProviderImpl$JULWrapper done
Event: 18.363 Loading class java/lang/System$Logger$Level
Event: 18.363 Loading class java/lang/System$Logger$Level done
Event: 18.364 Loading class java/nio/channels/ClosedChannelException
Event: 18.365 Loading class java/nio/channels/ClosedChannelException done
Event: 18.367 Loading class java/nio/channels/NonReadableChannelException
Event: 18.368 Loading class java/nio/channels/NonReadableChannelException done
Event: 18.369 Loading class java/nio/channels/NonWritableChannelException
Event: 18.369 Loading class java/nio/channels/NonWritableChannelException done
Event: 18.390 Loading class java/util/Scanner
Event: 18.393 Loading class java/util/Scanner done
Event: 18.398 Loading class java/util/Scanner$PatternLRUCache
Event: 18.401 Loading class java/util/Scanner$PatternLRUCache done

Classes unloaded (0 events):
No events

Classes redefined (0 events):
No events

Internal exceptions (20 events):
Event: 16.406 Thread 0x000001519ea836f0 Exception <a 'sun/nio/fs/WindowsException'{0x0000000088fa8738}> (0x0000000088fa8738) 
thrown [s\open\src\hotspot\share\prims\jni.cpp, line 520]
Event: 16.541 Thread 0x000001519ea836f0 Exception <a 'sun/nio/fs/WindowsException'{0x0000000088fccc90}> (0x0000000088fccc90) 
thrown [s\open\src\hotspot\share\prims\jni.cpp, line 520]
Event: 16.541 Thread 0x000001519ea836f0 Exception <a 'sun/nio/fs/WindowsException'{0x0000000088fcd6d8}> (0x0000000088fcd6d8) 
thrown [s\open\src\hotspot\share\prims\jni.cpp, line 520]
Event: 16.541 Thread 0x000001519ea836f0 Exception <a 'sun/nio/fs/WindowsException'{0x0000000088fce1f0}> (0x0000000088fce1f0) 
thrown [s\open\src\hotspot\share\prims\jni.cpp, line 520]
Event: 16.544 Thread 0x000001519ea836f0 Exception <a 'sun/nio/fs/WindowsException'{0x0000000088ffec10}> (0x0000000088ffec10) 
thrown [s\open\src\hotspot\share\prims\jni.cpp, line 520]
Event: 16.544 Thread 0x000001519ea836f0 Exception <a 'sun/nio/fs/WindowsException'{0x0000000088fff658}> (0x0000000088fff658) 
thrown [s\open\src\hotspot\share\prims\jni.cpp, line 520]
Event: 16.545 Thread 0x000001519ea836f0 Exception <a 'sun/nio/fs/WindowsException'{0x0000000088e003b0}> (0x0000000088e003b0) 
thrown [s\open\src\hotspot\share\prims\jni.cpp, line 520]
Event: 16.546 Thread 0x000001519ea836f0 Exception <a 'sun/nio/fs/WindowsException'{0x0000000088e1d3d8}> (0x0000000088e1d3d8) 
thrown [s\open\src\hotspot\share\prims\jni.cpp, line 520]
Event: 16.546 Thread 0x000001519ea836f0 Exception <a 'sun/nio/fs/WindowsException'{0x0000000088e1de20}> (0x0000000088e1de20) 
thrown [s\open\src\hotspot\share\prims\jni.cpp, line 520]
Event: 16.546 Thread 0x000001519ea836f0 Exception <a 'sun/nio/fs/WindowsException'{0x0000000088e1e938}> (0x0000000088e1e938) 
thrown [s\open\src\hotspot\share\prims\jni.cpp, line 520]
Event: 16.551 Thread 0x000001519ea836f0 Exception <a 'sun/nio/fs/WindowsException'{0x0000000088e9bb10}> (0x0000000088e9bb10) 
thrown [s\open\src\hotspot\share\prims\jni.cpp, line 520]
Event: 16.555 Thread 0x000001519ea836f0 Exception <a 'sun/nio/fs/WindowsException'{0x0000000088eb4308}> (0x0000000088eb4308) 
thrown [s\open\src\hotspot\share\prims\jni.cpp, line 520]
Event: 16.680 Thread 0x000001519ea836f0 Exception <a 'sun/nio/fs/WindowsException'{0x0000000088ece8c0}> (0x0000000088ece8c0) 
thrown [s\open\src\hotspot\share\prims\jni.cpp, line 520]
Event: 17.835 Thread 0x00000151fee9a3e0 Exception <a 'java/lang/NoSuchMethodError'{0x000000008a234df8}: 'java.lang.Object java.lang.invoke.DirectMethodHandle$Holder.invokeStatic(java.lang.Object, long, java.lang.Object)'> (0x000000008a234df8) 
thrown [s\open\src\hotspot\share\interpreter\linkResolver.cpp, line 773]
Event: 17.835 Thread 0x00000151fee9a3e0 Exception <a 'java/lang/NoSuchMethodError'{0x000000008a2382d0}: 'java.lang.Object java.lang.invoke.DirectMethodHandle$Holder.invokeStaticInit(java.lang.Object, long, java.lang.Object)'> (0x000000008a2382d0) 
thrown [s\open\src\hotspot\share\interpreter\linkResolver.cpp, line 773]
Event: 17.835 Thread 0x00000151fee9a3e0 Exception <a 'java/lang/NoSuchMethodError'{0x000000008a23d6c8}: 'java.lang.Object java.lang.invoke.DirectMethodHandle$Holder.newInvokeSpecial(java.lang.Object, long)'> (0x000000008a23d6c8) 
thrown [s\open\src\hotspot\share\interpreter\linkResolver.cpp, line 773]
Event: 17.845 Thread 0x00000151fee9a3e0 Exception <a 'java/lang/NoSuchMethodError'{0x000000008a241e50}: 'long java.lang.invoke.DirectMethodHandle$Holder.invokeInterface(java.lang.Object, java.lang.Object)'> (0x000000008a241e50) 
thrown [s\open\src\hotspot\share\interpreter\linkResolver.cpp, line 773]
Event: 17.846 Thread 0x00000151fee9a3e0 Exception <a 'java/lang/NoSuchMethodError'{0x000000008a245308}: 'long java.lang.invoke.DelegatingMethodHandle$Holder.reinvoke_L(java.lang.Object, java.lang.Object)'> (0x000000008a245308) 
thrown [s\open\src\hotspot\share\interpreter\linkResolver.cpp, line 773]
Event: 17.914 Thread 0x000001519ea836f0 Exception <a 'java/lang/NoSuchMethodError'{0x0000000089f7e540}: 'java.lang.Object java.lang.invoke.DirectMethodHandle$Holder.invokeStaticInit(java.lang.Object, java.lang.Object, int, int, int, int)'> (0x0000000089f7e540) 
thrown [s\open\src\hotspot\share\interpreter\linkResolver.cpp, line 773]
Event: 18.354 Thread 0x000001519ea836f0 Exception <a 'java/lang/NoSuchMethodError'{0x000000008956d340}: 'void java.lang.invoke.DirectMethodHandle$Holder.invokeStatic(java.lang.Object, long)'> (0x000000008956d340) 
thrown [s\open\src\hotspot\share\interpreter\linkResolver.cpp, line 773]

ZGC Phase Switch (0 events):
No events

VM Operations (20 events):
Event: 16.695 Executing VM operation: Cleanup
Event: 16.695 Executing VM operation: Cleanup done
Event: 17.464 Executing VM operation: G1CollectForAllocation (G1 Evacuation Pause)
Event: 17.470 Executing VM operation: G1CollectForAllocation (G1 Evacuation Pause) done
Event: 17.815 Executing VM operation: HandshakeAllThreads (Deoptimize)
Event: 17.815 Executing VM operation: HandshakeAllThreads (Deoptimize) done
Event: 17.854 Executing VM operation: HandshakeAllThreads (Deoptimize)
Event: 17.854 Executing VM operation: HandshakeAllThreads (Deoptimize) done
Event: 18.211 Executing VM operation: HandshakeAllThreads (Deoptimize)
Event: 18.211 Executing VM operation: HandshakeAllThreads (Deoptimize) done
Event: 18.231 Executing VM operation: HandshakeAllThreads (Deoptimize)
Event: 18.231 Executing VM operation: HandshakeAllThreads (Deoptimize) done
Event: 18.232 Executing VM operation: HandshakeAllThreads (Deoptimize)
Event: 18.232 Executing VM operation: HandshakeAllThreads (Deoptimize) done
Event: 18.356 Executing VM operation: HandshakeAllThreads (Deoptimize)
Event: 18.356 Executing VM operation: HandshakeAllThreads (Deoptimize) done
Event: 19.361 Executing VM operation: Cleanup
Event: 19.361 Executing VM operation: Cleanup done
Event: 21.388 Executing VM operation: Cleanup
Event: 21.388 Executing VM operation: Cleanup done

Events (20 events):
Event: 14.110 Thread 0x00000151bcc83050 flushing nmethod 0x00000151b0c1a410
Event: 14.110 Thread 0x00000151bcc83050 flushing nmethod 0x00000151b0bfcf90
Event: 14.110 Thread 0x00000151bcc83050 flushing nmethod 0x00000151b0c0c190
Event: 14.110 Thread 0x00000151bcc83050 flushing nmethod 0x00000151b0c0b810
Event: 14.110 Thread 0x00000151bcc83050 flushing nmethod 0x00000151b0c0ad10
Event: 14.110 Thread 0x00000151bcc83050 flushing nmethod 0x00000151b0c09410
Event: 14.110 Thread 0x00000151bcc83050 flushing nmethod 0x00000151b0c08610
Event: 14.110 Thread 0x00000151bcc83050 flushing nmethod 0x00000151b0c06310
Event: 14.110 Thread 0x00000151bcc83050 flushing nmethod 0x00000151b0c05d90
Event: 14.110 Thread 0x00000151bcc83050 flushing nmethod 0x00000151b0c05710
Event: 14.110 Thread 0x00000151bcc83050 flushing nmethod 0x00000151b0bffd90
Event: 14.110 Thread 0x00000151bcc83050 flushing nmethod 0x00000151b0bf0a10
Event: 17.818 Thread 0x00000151fee9a3e0 Thread added: 0x00000151fee9a3e0
Event: 17.847 Thread 0x00000151fee9a3e0 Thread exited: 0x00000151fee9a3e0
Event: 18.050 Thread 0x00000151ff309f20 Thread added: 0x00000151ff309f20
Event: 18.057 Thread 0x00000151fe2ebf30 Thread added: 0x00000151fe2ebf30
Event: 18.326 Thread 0x00000151fecf8b50 Thread added: 0x00000151fecf8b50
Event: 18.387 Thread 0x00000151fe247c30 Thread added: 0x00000151fe247c30
Event: 18.387 Thread 0x00000151fef9a710 Thread added: 0x00000151fef9a710
Event: 18.419 Thread 0x00000151848fc600 Thread added: 0x00000151848fc600


Dynamic libraries:
0x00007ff67a2f0000 - 0x00007ff67a2fe000 	C:\Users\okeow\.jdks\openjdk-21.0.2\bin\java.exe
0x00007fff6abe0000 - 0x00007fff6ade9000 	C:\WINDOWS\SYSTEM32\ntdll.dll
0x00007fff26dd0000 - 0x00007fff26de9000 	C:\Program Files\Avast Software\Avast\aswhook.dll
0x00007fff6a570000 - 0x00007fff6a62d000 	C:\WINDOWS\System32\KERNEL32.DLL
0x00007fff68230000 - 0x00007fff685b4000 	C:\WINDOWS\System32\KERNELBASE.dll
0x00007fff68070000 - 0x00007fff68181000 	C:\WINDOWS\System32\ucrtbase.dll
0x00007fff23870000 - 0x00007fff23888000 	C:\Users\okeow\.jdks\openjdk-21.0.2\bin\jli.dll
0x00007fff69de0000 - 0x00007fff69f8d000 	C:\WINDOWS\System32\USER32.dll
0x00007fff220a0000 - 0x00007fff220bb000 	C:\Users\okeow\.jdks\openjdk-21.0.2\bin\VCRUNTIME140.dll
0x00007fff68760000 - 0x00007fff68786000 	C:\WINDOWS\System32\win32u.dll
0x00007fff6a000000 - 0x00007fff6a02a000 	C:\WINDOWS\System32\GDI32.dll
0x00007fff685c0000 - 0x00007fff686de000 	C:\WINDOWS\System32\gdi32full.dll
0x00007fff4e1f0000 - 0x00007fff4e495000 	C:\WINDOWS\WinSxS\amd64_microsoft.windows.common-controls_6595b64144ccf1df_6.0.22000.120_none_9d947278b86cc467\COMCTL32.dll
0x00007fff68190000 - 0x00007fff6822d000 	C:\WINDOWS\System32\msvcp_win.dll
0x00007fff6a120000 - 0x00007fff6a1c3000 	C:\WINDOWS\System32\msvcrt.dll
0x00007fff6ab60000 - 0x00007fff6ab91000 	C:\WINDOWS\System32\IMM32.DLL
0x00007fff23a10000 - 0x00007fff23a1c000 	C:\Users\okeow\.jdks\openjdk-21.0.2\bin\vcruntime140_1.dll
0x00007fff1e2e0000 - 0x00007fff1e36e000 	C:\Users\okeow\.jdks\openjdk-21.0.2\bin\msvcp140.dll
0x00007fff0bf30000 - 0x00007fff0cc47000 	C:\Users\okeow\.jdks\openjdk-21.0.2\bin\server\jvm.dll
0x00007fff6a3a0000 - 0x00007fff6a44e000 	C:\WINDOWS\System32\ADVAPI32.dll
0x00007fff6a300000 - 0x00007fff6a39e000 	C:\WINDOWS\System32\sechost.dll
0x00007fff6a900000 - 0x00007fff6aa21000 	C:\WINDOWS\System32\RPCRT4.dll
0x00007fff69f90000 - 0x00007fff69fff000 	C:\WINDOWS\System32\WS2_32.dll
0x00007fff67f40000 - 0x00007fff67f8d000 	C:\WINDOWS\SYSTEM32\POWRPROF.dll
0x00007fff5ef70000 - 0x00007fff5efa3000 	C:\WINDOWS\SYSTEM32\WINMM.dll
0x00007fff5e500000 - 0x00007fff5e50a000 	C:\WINDOWS\SYSTEM32\VERSION.dll
0x00007fff67f20000 - 0x00007fff67f33000 	C:\WINDOWS\SYSTEM32\UMPDC.dll
0x00007fff670a0000 - 0x00007fff670b8000 	C:\WINDOWS\SYSTEM32\kernel.appcore.dll
0x00007fff21ec0000 - 0x00007fff21eca000 	C:\Users\okeow\.jdks\openjdk-21.0.2\bin\jimage.dll
0x00007fff65770000 - 0x00007fff65991000 	C:\WINDOWS\SYSTEM32\DBGHELP.DLL
0x00007fff5cfa0000 - 0x00007fff5cfd1000 	C:\WINDOWS\SYSTEM32\dbgcore.DLL
0x00007fff686e0000 - 0x00007fff6875f000 	C:\WINDOWS\System32\bcryptPrimitives.dll
0x00007fff64fd0000 - 0x00007fff64fdf000 	C:\Users\okeow\.jdks\openjdk-21.0.2\bin\instrument.dll
0x00007fff1f9a0000 - 0x00007fff1f9bf000 	C:\Users\okeow\.jdks\openjdk-21.0.2\bin\java.dll
0x00007fff68a40000 - 0x00007fff69205000 	C:\WINDOWS\System32\SHELL32.dll
0x00007fff66100000 - 0x00007fff66962000 	C:\WINDOWS\SYSTEM32\windows.storage.dll
0x00007fff69210000 - 0x00007fff69586000 	C:\WINDOWS\System32\combase.dll
0x00007fff65f90000 - 0x00007fff660f7000 	C:\WINDOWS\SYSTEM32\wintypes.dll
0x00007fff6a030000 - 0x00007fff6a11a000 	C:\WINDOWS\System32\SHCORE.dll
0x00007fff6a6a0000 - 0x00007fff6a6fd000 	C:\WINDOWS\System32\shlwapi.dll
0x00007fff67fa0000 - 0x00007fff67fc5000 	C:\WINDOWS\SYSTEM32\profapi.dll
0x00007fff0bd30000 - 0x00007fff0be07000 	C:\Users\okeow\.jdks\openjdk-21.0.2\bin\jsvml.dll
0x00007fff1e2c0000 - 0x00007fff1e2d8000 	C:\Users\okeow\.jdks\openjdk-21.0.2\bin\zip.dll
0x00007fff1ea80000 - 0x00007fff1ea90000 	C:\Users\okeow\.jdks\openjdk-21.0.2\bin\net.dll
0x00007fff5f650000 - 0x00007fff5f764000 	C:\WINDOWS\SYSTEM32\WINHTTP.dll
0x00007fff67550000 - 0x00007fff675b7000 	C:\WINDOWS\system32\mswsock.dll
0x00007fff1ea60000 - 0x00007fff1ea76000 	C:\Users\okeow\.jdks\openjdk-21.0.2\bin\nio.dll
0x00007fff5f590000 - 0x00007fff5f5aa000 	C:\Program Files\JetBrains\IntelliJ IDEA Community Edition 2023.3.2\bin\breakgen64.dll
0x00007fff5f610000 - 0x00007fff5f619000 	C:\Users\okeow\.jdks\openjdk-21.0.2\bin\extnet.dll
0x0000000069ac0000 - 0x0000000069ae4000 	C:\Users\okeow\AppData\Local\Temp\jansi-2.4.0-cf7d9e59eef7792d-jansi.dll
0x00007fff64f30000 - 0x00007fff64f40000 	C:\Users\okeow\.jdks\openjdk-21.0.2\bin\verify.dll
0x00007fff677b0000 - 0x00007fff677c8000 	C:\WINDOWS\SYSTEM32\CRYPTSP.dll
0x00007fff67000000 - 0x00007fff67035000 	C:\WINDOWS\system32\rsaenh.dll
0x00007fff67660000 - 0x00007fff6768c000 	C:\WINDOWS\SYSTEM32\USERENV.dll
0x00007fff67950000 - 0x00007fff67977000 	C:\WINDOWS\SYSTEM32\bcrypt.dll
0x00007fff677d0000 - 0x00007fff677dc000 	C:\WINDOWS\SYSTEM32\CRYPTBASE.dll
0x00007fff66bc0000 - 0x00007fff66bed000 	C:\WINDOWS\SYSTEM32\IPHLPAPI.DLL
0x00007fff6a450000 - 0x00007fff6a459000 	C:\WINDOWS\System32\NSI.dll

dbghelp: loaded successfully - version: 4.0.5 - missing functions: none
symbol engine: initialized successfully - sym options: 0x614 - pdb path: .;C:\Users\okeow\.jdks\openjdk-21.0.2\bin;C:\WINDOWS\SYSTEM32;C:\Program Files\Avast Software\Avast;C:\WINDOWS\WinSxS\amd64_microsoft.windows.common-controls_6595b64144ccf1df_6.0.22000.120_none_9d947278b86cc467;C:\Users\okeow\.jdks\openjdk-21.0.2\bin\server;C:\Program Files\JetBrains\IntelliJ IDEA Community Edition 2023.3.2\bin;C:\Users\okeow\AppData\Local\Temp

VM Arguments:
jvm_args: -Dmaven.multiModuleProjectDirectory=C:\Users\okeow\OneDrive\Desktop\Java Projects\User-Management-System -Djansi.passthrough=true -Dmaven.home=C:\Users\okeow\.m2\wrapper\dists\apache-maven-3.9.5-bin\2adeog8mj13csp1uusqnc1f2mo\apache-maven-3.9.5 -Dclassworlds.conf=C:\Users\okeow\.m2\wrapper\dists\apache-maven-3.9.5-bin\2adeog8mj13csp1uusqnc1f2mo\apache-maven-3.9.5\bin\m2.conf -Dmaven.ext.class.path=C:\Program Files\JetBrains\IntelliJ IDEA Community Edition 2023.3.2\plugins\maven\lib\maven-event-listener.jar -javaagent:C:\Program Files\JetBrains\IntelliJ IDEA Community Edition 2023.3.2\lib\idea_rt.jar=51755:C:\Program Files\JetBrains\IntelliJ IDEA Community Edition 2023.3.2\bin -Dfile.encoding=UTF-8 -Dsun.stdout.encoding=UTF-8 -Dsun.stderr.encoding=UTF-8 
java_command: org.codehaus.classworlds.Launcher -Didea.version=2023.3.2 install
java_class_path (initial): C:\Users\okeow\.m2\wrapper\dists\apache-maven-3.9.5-bin\2adeog8mj13csp1uusqnc1f2mo\apache-maven-3.9.5\boot\plexus-classworlds-2.7.0.jar;C:\Users\okeow\.m2\wrapper\dists\apache-maven-3.9.5-bin\2adeog8mj13csp1uusqnc1f2mo\apache-maven-3.9.5\boot\plexus-classworlds.license
Launcher Type: SUN_STANDARD

[Global flags]
     intx CICompilerCount                          = 3                                         {product} {ergonomic}
     uint ConcGCThreads                            = 1                                         {product} {ergonomic}
     uint G1ConcRefinementThreads                  = 4                                         {product} {ergonomic}
   size_t G1HeapRegionSize                         = 1048576                                   {product} {ergonomic}
    uintx GCDrainStackTargetSize                   = 64                                        {product} {ergonomic}
   size_t InitialHeapSize                          = 130023424                                 {product} {ergonomic}
   size_t MarkStackSize                            = 4194304                                   {product} {ergonomic}
   size_t MaxHeapSize                              = 2080374784                                {product} {ergonomic}
   size_t MaxNewSize                               = 1247805440                                {product} {ergonomic}
   size_t MinHeapDeltaBytes                        = 1048576                                   {product} {ergonomic}
   size_t MinHeapSize                              = 8388608                                   {product} {ergonomic}
    uintx NonNMethodCodeHeapSize                   = 5832780                                {pd product} {ergonomic}
    uintx NonProfiledCodeHeapSize                  = 122912730                              {pd product} {ergonomic}
    uintx ProfiledCodeHeapSize                     = 122912730                              {pd product} {ergonomic}
    uintx ReservedCodeCacheSize                    = 251658240                              {pd product} {ergonomic}
     bool SegmentedCodeCache                       = true                                      {product} {ergonomic}
   size_t SoftMaxHeapSize                          = 2080374784                             {manageable} {ergonomic}
     bool UseCompressedOops                        = true                           {product lp64_product} {ergonomic}
     bool UseG1GC                                  = true                                      {product} {ergonomic}
     bool UseLargePagesIndividualAllocation        = false                                  {pd product} {ergonomic}

Logging:
Log output configuration:
 #0: stdout all=warning uptime,level,tags foldmultilines=false
 #1: stderr all=off uptime,level,tags foldmultilines=false

Environment Variables:
PATH=C:\Program Files\Java\jdk-21\bin;C:\Program Files\Common Files\Oracle\Java\javapath;C:\Program Files\Rockwell Software\RSCommon;C:\WINDOWS\system32;C:\WINDOWS;C:\WINDOWS\System32\Wbem;C:\WINDOWS\System32\WindowsPowerShell\v1.0\;C:\WINDOWS\System32\OpenSSH\;C:\Program Files\dotnet\;C:\Program Files\Microsoft SQL Server\130\Tools\Binn\;C:\Program Files\Microsoft SQL Server\Client SDK\ODBC\170\Tools\Binn\;C:\Program Files (x86)\Microsoft SQL Server\Client SDK\ODBC\130\Tools\Binn\;C:\Program Files (x86)\Microsoft SQL Server\140\Tools\Binn\;C:\Program Files (x86)\Microsoft SQL Server\140\DTS\Binn\;C:\Program Files (x86)\Microsoft SQL Server\140\Tools\Binn\ManagementStudio\;C:\Program Files (x86)\Microsoft SQL Server\150\Tools\Binn\;C:\Program Files\Microsoft SQL Server\150\Tools\Binn\;C:\Program Files\Microsoft SQL Server\150\DTS\Binn\;C:\Program Files\nodejs\;C:\Program Files\Docker\Docker\resources\bin;C:\Program Files\MySQL\MySQL Server 8.0\bin;C:\Program Files\Git\cmd;C:\Program Files\MySQL\MySQL Shell 8.0\bin\;C:\Users\okeow\AppData\Local\Programs\Python\Python310\Scripts\;C:\Users\okeow\AppData\Local\Programs\Python\Python310\;C:\Users\okeow\AppData\Local\Microsoft\WindowsApps;C:\Users\okeow\AppData\Local\Programs\Microsoft VS Code\bin;C:\Users\okeow\.dotnet\tools;C:\Program Files\heroku\bin;C:\Users\okeow\AppData\Roaming\npm;C:\Program Files\JetBrains\IntelliJ IDEA Community Edition 2023.3.2\bin;
USERNAME=okeow
OS=Windows_NT
PROCESSOR_IDENTIFIER=Intel64 Family 6 Model 126 Stepping 5, GenuineIntel
TMP=C:\Users\okeow\AppData\Local\Temp
TEMP=C:\Users\okeow\AppData\Local\Temp




Periodic native trim disabled

---------------  S Y S T E M  ---------------

OS:
 Windows 11 , 64 bit Build 22000 (10.0.22000.2538)
OS uptime: 5 days 18:05 hours
Hyper-V role detected

CPU: total 4 (initial active 4) (2 cores per cpu, 2 threads per core) family 6 model 126 stepping 5 microcode 0xa0, cx8, cmov, fxsr, ht, mmx, 3dnowpref, sse, sse2, sse3, ssse3, sse4.1, sse4.2, popcnt, lzcnt, tsc, tscinvbit, avx, avx2, aes, erms, clmul, bmi1, bmi2, adx, avx512f, avx512dq, avx512cd, avx512bw, avx512vl, sha, fma, vzeroupper, avx512_vpopcntdq, avx512_vpclmulqdq, avx512_vaes, avx512_vnni, clflush, clflushopt, avx512_vbmi2, avx512_vbmi, hv, rdtscp, rdpid, fsrm, gfni, avx512_bitalg, f16c, avx512_ifma
Processor Information for all 4 processors :
  Max Mhz: 1190, Current Mhz: 1190, Mhz Limit: 1190

Memory: 4k page, system-wide physical 7934M (321M free)
TotalPageFile size 32510M (AvailPageFile size 8M)
current process WorkingSet (physical memory assigned to process): 366M, peak: 379M
current process commit charge ("private bytes"): 394M, peak: 407M

vm_info: OpenJDK 64-Bit Server VM (21.0.2+13-58) for windows-amd64 JRE (21.0.2+13-58), built on 2024-01-05T18:32:24Z by "mach5one" with MS VC++ 17.1 (VS2022)

END.
