#
# There is insufficient memory for the Java Runtime Environment to continue.
# Native memory allocation (malloc) failed to allocate 1726928 bytes for Chunk::new
# Possible reasons:
#   The system is out of physical RAM or swap space
#   The process is running with CompressedOops enabled, and the Java Heap may be blocking the growth of the native heap
# Possible solutions:
#   Reduce memory load on the system
#   Increase physical memory or swap space
#   Check if swap backing store is full
#   Decrease Java heap size (-Xmx/-Xms)
#   Decrease number of Java threads
#   Decrease Java thread stack sizes (-Xss)
#   Set larger code cache with -XX:ReservedCodeCacheSize=
#   JVM is running with Unscaled Compressed Oops mode in which the Java heap is
#     placed in the first 4GB address space. The Java Heap base address is the
#     maximum limit for the native heap growth. Please use -XX:HeapBaseMinAddress
#     to set the Java Heap base and to place the Java Heap above 4GB virtual address.
# This output file may be truncated or incomplete.
#
#  Out of Memory Error (arena.cpp:168), pid=116024, tid=115232
#
# JRE version: OpenJDK Runtime Environment (21.0.2+13) (build 21.0.2+13-58)
# Java VM: OpenJDK 64-Bit Server VM (21.0.2+13-58, mixed mode, sharing, tiered, compressed oops, compressed class ptrs, g1 gc, windows-amd64)
# No core dump will be written. Minidumps are not enabled by default on client versions of Windows
#

---------------  S U M M A R Y ------------

Command Line: C:\Users\okeow\AppData\Local\Temp\surefire6737661527816880977\surefirebooter-20240212132416227_3.jar C:\Users\okeow\AppData\Local\Temp\surefire6737661527816880977 2024-02-12T13-24-15_965-jvmRun1 surefire-20240212132416227_1tmp surefire_0-20240212132416227_2tmp

Host: Intel(R) Core(TM) i3-1005G1 CPU @ 1.20GHz, 4 cores, 7G,  Windows 11 , 64 bit Build 22000 (10.0.22000.2538)
Time: Mon Feb 12 13:24:21 2024 W. Central Africa Standard Time elapsed time: 4.847705 seconds (0d 0h 0m 4s)

---------------  T H R E A D  ---------------

Current thread (0x0000020248621b40):  JavaThread "C2 CompilerThread0" daemon [_thread_in_native, id=115232, stack(0x0000007751b00000,0x0000007751c00000) (1024K)]


Current CompileTask:
C2:   4847 2398   !   4       jdk.internal.loader.BuiltinClassLoader::loadClassOrNull (143 bytes)

Stack: [0x0000007751b00000,0x0000007751c00000]
Native frames: (J=compiled Java code, j=interpreted, Vv=VM code, C=native code)
V  [jvm.dll+0x6cade9]
V  [jvm.dll+0x8569c1]
V  [jvm.dll+0x858d2e]
V  [jvm.dll+0x859413]
V  [jvm.dll+0x280e56]
V  [jvm.dll+0xc3f3d]
V  [jvm.dll+0xc4473]
V  [jvm.dll+0x3b5c2c]
V  [jvm.dll+0x382855]
V  [jvm.dll+0x381cca]
V  [jvm.dll+0x249bd0]
V  [jvm.dll+0x2491b1]
V  [jvm.dll+0x1c9634]
V  [jvm.dll+0x258859]
V  [jvm.dll+0x256e3a]
V  [jvm.dll+0x3ef6c6]
V  [jvm.dll+0x7ff568]
V  [jvm.dll+0x6c953d]
C  [ucrtbase.dll+0x26c0c]
C  [KERNEL32.DLL+0x153e0]
C  [ntdll.dll+0x485b]


---------------  P R O C E S S  ---------------

Threads class SMR info:
_java_thread_list=0x000002028f20f570, length=14, elements={
0x000002022a3cdf90, 0x0000020248618cc0, 0x000002024861aaa0, 0x000002024861b7a0,
0x000002024861c2f0, 0x000002024861ce40, 0x000002024861d990, 0x0000020248621b40,
0x000002024868ceb0, 0x000002024886eb50, 0x00000202488767c0, 0x00000202489c6210,
0x000002028e0f8680, 0x000002028f095e70
}

Java Threads: ( => current thread )
  0x000002022a3cdf90 JavaThread "main"                              [_thread_in_native, id=111868, stack(0x0000007750d00000,0x0000007750e00000) (1024K)]
  0x0000020248618cc0 JavaThread "Reference Handler"          daemon [_thread_blocked, id=114872, stack(0x0000007751500000,0x0000007751600000) (1024K)]
  0x000002024861aaa0 JavaThread "Finalizer"                  daemon [_thread_blocked, id=108848, stack(0x0000007751600000,0x0000007751700000) (1024K)]
  0x000002024861b7a0 JavaThread "Signal Dispatcher"          daemon [_thread_blocked, id=110344, stack(0x0000007751700000,0x0000007751800000) (1024K)]
  0x000002024861c2f0 JavaThread "Attach Listener"            daemon [_thread_blocked, id=115856, stack(0x0000007751800000,0x0000007751900000) (1024K)]
  0x000002024861ce40 JavaThread "Service Thread"             daemon [_thread_blocked, id=110180, stack(0x0000007751900000,0x0000007751a00000) (1024K)]
  0x000002024861d990 JavaThread "Monitor Deflation Thread"   daemon [_thread_blocked, id=106800, stack(0x0000007751a00000,0x0000007751b00000) (1024K)]
=>0x0000020248621b40 JavaThread "C2 CompilerThread0"         daemon [_thread_in_native, id=115232, stack(0x0000007751b00000,0x0000007751c00000) (1024K)]
  0x000002024868ceb0 JavaThread "C1 CompilerThread0"         daemon [_thread_in_native, id=114460, stack(0x0000007751c00000,0x0000007751d00000) (1024K)]
  0x000002024886eb50 JavaThread "Notification Thread"        daemon [_thread_blocked, id=102916, stack(0x0000007751d00000,0x0000007751e00000) (1024K)]
  0x00000202488767c0 JavaThread "Common-Cleaner"             daemon [_thread_blocked, id=107748, stack(0x0000007751e00000,0x0000007751f00000) (1024K)]
  0x00000202489c6210 JavaThread "surefire-forkedjvm-stream-flusher" daemon [_thread_blocked, id=114340, stack(0x0000007751f00000,0x0000007752000000) (1024K)]
  0x000002028e0f8680 JavaThread "surefire-forkedjvm-command-thread" daemon [_thread_in_native, id=113848, stack(0x0000007752000000,0x0000007752100000) (1024K)]
  0x000002028f095e70 JavaThread "background-preinit"                [_thread_in_native, id=108188, stack(0x0000007752400000,0x0000007752500000) (1024K)]
Total: 14

Other Threads:
  0x00000202485f6650 VMThread "VM Thread"                           [id=5696, stack(0x0000007751400000,0x0000007751500000) (1024K)]
  0x00000202485ddf90 WatcherThread "VM Periodic Task Thread"        [id=83860, stack(0x0000007751300000,0x0000007751400000) (1024K)]
  0x000002022c68ff70 WorkerThread "GC Thread#0"                     [id=107652, stack(0x0000007750e00000,0x0000007750f00000) (1024K)]
  0x000002028e3eb530 WorkerThread "GC Thread#1"                     [id=113092, stack(0x0000007752100000,0x0000007752200000) (1024K)]
  0x000002028e402880 WorkerThread "GC Thread#2"                     [id=85872, stack(0x0000007752200000,0x0000007752300000) (1024K)]
  0x000002028e402c20 WorkerThread "GC Thread#3"                     [id=84312, stack(0x0000007752300000,0x0000007752400000) (1024K)]
  0x000002022c6a0f60 ConcurrentGCThread "G1 Main Marker"            [id=109192, stack(0x0000007750f00000,0x0000007751000000) (1024K)]
  0x000002022c6a1a60 WorkerThread "G1 Conc#0"                       [id=43488, stack(0x0000007751000000,0x0000007751100000) (1024K)]
  0x000002022c70e550 ConcurrentGCThread "G1 Refine#0"               [id=105152, stack(0x0000007751100000,0x0000007751200000) (1024K)]
  0x00000202484b50c0 ConcurrentGCThread "G1 Service"                [id=95524, stack(0x0000007751200000,0x0000007751300000) (1024K)]
Total: 10

Threads with active compile tasks:
C2 CompilerThread0     4877 2398   !   4       jdk.internal.loader.BuiltinClassLoader::loadClassOrNull (143 bytes)
C1 CompilerThread0     4877 2494   !   3       org.springframework.util.ClassUtils::forName (251 bytes)
Total: 2

VM state: not at safepoint (normal execution)

VM Mutex/Monitor currently owned by a thread: None

Heap address: 0x0000000084000000, size: 1984 MB, Compressed Oops mode: 32-bit

CDS archive(s) mapped at: [0x0000020249000000-0x0000020249c90000-0x0000020249c90000), size 13172736, SharedBaseAddress: 0x0000020249000000, ArchiveRelocationMode: 1.
Compressed class space mapped at: 0x000002024a000000-0x000002028a000000, reserved size: 1073741824
Narrow klass base: 0x0000020249000000, Narrow klass shift: 0, Narrow klass range: 0x100000000

GC Precious Log:
 CardTable entry size: 512
 Card Set container configuration: InlinePtr #cards 5 size 8 Array Of Cards #cards 12 size 40 Howl #buckets 4 coarsen threshold 1843 Howl Bitmap #cards 512 size 80 coarsen threshold 460 Card regions per heap region 1 cards per card region 2048
 CPUs: 4 total, 4 available
 Memory: 7934M
 Large Page Support: Disabled
 NUMA Support: Disabled
 Compressed Oops: Enabled (32-bit)
 Heap Region Size: 1M
 Heap Min Capacity: 8M
 Heap Initial Capacity: 124M
 Heap Max Capacity: 1984M
 Pre-touch: Disabled
 Parallel Workers: 4
 Concurrent Workers: 1
 Concurrent Refinement Workers: 4
 Periodic GC: Disabled

Heap:
 garbage-first heap   total 126976K, used 41985K [0x0000000084000000, 0x0000000100000000)
  region size 1024K, 34 young (34816K), 3 survivors (3072K)
 Metaspace       used 18701K, committed 18944K, reserved 1114112K
  class space    used 2529K, committed 2624K, reserved 1048576K

Heap Regions: E=young(eden), S=young(survivor), O=old, HS=humongous(starts), HC=humongous(continues), CS=collection set, F=free, TAMS=top-at-mark-start, PB=parsable bottom
|   0|0x0000000084000000, 0x0000000084100000, 0x0000000084100000|100%|HS|  |TAMS 0x0000000084000000| PB 0x0000000084000000| Complete 
|   1|0x0000000084100000, 0x0000000084200000, 0x0000000084200000|100%| O|  |TAMS 0x0000000084100000| PB 0x0000000084100000| Untracked 
|   2|0x0000000084200000, 0x0000000084300000, 0x0000000084300000|100%| O|  |TAMS 0x0000000084200000| PB 0x0000000084200000| Untracked 
|   3|0x0000000084300000, 0x0000000084400000, 0x0000000084400000|100%| O|  |TAMS 0x0000000084300000| PB 0x0000000084300000| Untracked 
|   4|0x0000000084400000, 0x0000000084500000, 0x0000000084500000|100%| O|  |TAMS 0x0000000084400000| PB 0x0000000084400000| Untracked 
|   5|0x0000000084500000, 0x0000000084600000, 0x0000000084600000|100%| O|  |TAMS 0x0000000084500000| PB 0x0000000084500000| Untracked 
|   6|0x0000000084600000, 0x0000000084700000, 0x0000000084700000|100%| O|  |TAMS 0x0000000084600000| PB 0x0000000084600000| Untracked 
|   7|0x0000000084700000, 0x0000000084800000, 0x0000000084800000|100%| O|  |TAMS 0x0000000084700000| PB 0x0000000084700000| Untracked 
|   8|0x0000000084800000, 0x0000000084853358, 0x0000000084900000| 32%| O|  |TAMS 0x0000000084800000| PB 0x0000000084800000| Untracked 
|   9|0x0000000084900000, 0x0000000084900000, 0x0000000084a00000|  0%| F|  |TAMS 0x0000000084900000| PB 0x0000000084900000| Untracked 
|  10|0x0000000084a00000, 0x0000000084a00000, 0x0000000084b00000|  0%| F|  |TAMS 0x0000000084a00000| PB 0x0000000084a00000| Untracked 
|  11|0x0000000084b00000, 0x0000000084b00000, 0x0000000084c00000|  0%| F|  |TAMS 0x0000000084b00000| PB 0x0000000084b00000| Untracked 
|  12|0x0000000084c00000, 0x0000000084c00000, 0x0000000084d00000|  0%| F|  |TAMS 0x0000000084c00000| PB 0x0000000084c00000| Untracked 
|  13|0x0000000084d00000, 0x0000000084d00000, 0x0000000084e00000|  0%| F|  |TAMS 0x0000000084d00000| PB 0x0000000084d00000| Untracked 
|  14|0x0000000084e00000, 0x0000000084e00000, 0x0000000084f00000|  0%| F|  |TAMS 0x0000000084e00000| PB 0x0000000084e00000| Untracked 
|  15|0x0000000084f00000, 0x0000000084f00000, 0x0000000085000000|  0%| F|  |TAMS 0x0000000084f00000| PB 0x0000000084f00000| Untracked 
|  16|0x0000000085000000, 0x0000000085000000, 0x0000000085100000|  0%| F|  |TAMS 0x0000000085000000| PB 0x0000000085000000| Untracked 
|  17|0x0000000085100000, 0x0000000085100000, 0x0000000085200000|  0%| F|  |TAMS 0x0000000085100000| PB 0x0000000085100000| Untracked 
|  18|0x0000000085200000, 0x0000000085200000, 0x0000000085300000|  0%| F|  |TAMS 0x0000000085200000| PB 0x0000000085200000| Untracked 
|  19|0x0000000085300000, 0x0000000085300000, 0x0000000085400000|  0%| F|  |TAMS 0x0000000085300000| PB 0x0000000085300000| Untracked 
|  20|0x0000000085400000, 0x0000000085400000, 0x0000000085500000|  0%| F|  |TAMS 0x0000000085400000| PB 0x0000000085400000| Untracked 
|  21|0x0000000085500000, 0x0000000085500000, 0x0000000085600000|  0%| F|  |TAMS 0x0000000085500000| PB 0x0000000085500000| Untracked 
|  22|0x0000000085600000, 0x0000000085600000, 0x0000000085700000|  0%| F|  |TAMS 0x0000000085600000| PB 0x0000000085600000| Untracked 
|  23|0x0000000085700000, 0x0000000085700000, 0x0000000085800000|  0%| F|  |TAMS 0x0000000085700000| PB 0x0000000085700000| Untracked 
|  24|0x0000000085800000, 0x0000000085800000, 0x0000000085900000|  0%| F|  |TAMS 0x0000000085800000| PB 0x0000000085800000| Untracked 
|  25|0x0000000085900000, 0x0000000085900000, 0x0000000085a00000|  0%| F|  |TAMS 0x0000000085900000| PB 0x0000000085900000| Untracked 
|  26|0x0000000085a00000, 0x0000000085a00000, 0x0000000085b00000|  0%| F|  |TAMS 0x0000000085a00000| PB 0x0000000085a00000| Untracked 
|  27|0x0000000085b00000, 0x0000000085b00000, 0x0000000085c00000|  0%| F|  |TAMS 0x0000000085b00000| PB 0x0000000085b00000| Untracked 
|  28|0x0000000085c00000, 0x0000000085c00000, 0x0000000085d00000|  0%| F|  |TAMS 0x0000000085c00000| PB 0x0000000085c00000| Untracked 
|  29|0x0000000085d00000, 0x0000000085d00000, 0x0000000085e00000|  0%| F|  |TAMS 0x0000000085d00000| PB 0x0000000085d00000| Untracked 
|  30|0x0000000085e00000, 0x0000000085e00000, 0x0000000085f00000|  0%| F|  |TAMS 0x0000000085e00000| PB 0x0000000085e00000| Untracked 
|  31|0x0000000085f00000, 0x0000000085f00000, 0x0000000086000000|  0%| F|  |TAMS 0x0000000085f00000| PB 0x0000000085f00000| Untracked 
|  32|0x0000000086000000, 0x0000000086000000, 0x0000000086100000|  0%| F|  |TAMS 0x0000000086000000| PB 0x0000000086000000| Untracked 
|  33|0x0000000086100000, 0x0000000086100000, 0x0000000086200000|  0%| F|  |TAMS 0x0000000086100000| PB 0x0000000086100000| Untracked 
|  34|0x0000000086200000, 0x0000000086200000, 0x0000000086300000|  0%| F|  |TAMS 0x0000000086200000| PB 0x0000000086200000| Untracked 
|  35|0x0000000086300000, 0x0000000086300000, 0x0000000086400000|  0%| F|  |TAMS 0x0000000086300000| PB 0x0000000086300000| Untracked 
|  36|0x0000000086400000, 0x0000000086400000, 0x0000000086500000|  0%| F|  |TAMS 0x0000000086400000| PB 0x0000000086400000| Untracked 
|  37|0x0000000086500000, 0x0000000086500000, 0x0000000086600000|  0%| F|  |TAMS 0x0000000086500000| PB 0x0000000086500000| Untracked 
|  38|0x0000000086600000, 0x0000000086600000, 0x0000000086700000|  0%| F|  |TAMS 0x0000000086600000| PB 0x0000000086600000| Untracked 
|  39|0x0000000086700000, 0x0000000086700000, 0x0000000086800000|  0%| F|  |TAMS 0x0000000086700000| PB 0x0000000086700000| Untracked 
|  40|0x0000000086800000, 0x0000000086800000, 0x0000000086900000|  0%| F|  |TAMS 0x0000000086800000| PB 0x0000000086800000| Untracked 
|  41|0x0000000086900000, 0x0000000086900000, 0x0000000086a00000|  0%| F|  |TAMS 0x0000000086900000| PB 0x0000000086900000| Untracked 
|  42|0x0000000086a00000, 0x0000000086a00000, 0x0000000086b00000|  0%| F|  |TAMS 0x0000000086a00000| PB 0x0000000086a00000| Untracked 
|  43|0x0000000086b00000, 0x0000000086b00000, 0x0000000086c00000|  0%| F|  |TAMS 0x0000000086b00000| PB 0x0000000086b00000| Untracked 
|  44|0x0000000086c00000, 0x0000000086c00000, 0x0000000086d00000|  0%| F|  |TAMS 0x0000000086c00000| PB 0x0000000086c00000| Untracked 
|  45|0x0000000086d00000, 0x0000000086d00000, 0x0000000086e00000|  0%| F|  |TAMS 0x0000000086d00000| PB 0x0000000086d00000| Untracked 
|  46|0x0000000086e00000, 0x0000000086e00000, 0x0000000086f00000|  0%| F|  |TAMS 0x0000000086e00000| PB 0x0000000086e00000| Untracked 
|  47|0x0000000086f00000, 0x0000000086f00000, 0x0000000087000000|  0%| F|  |TAMS 0x0000000086f00000| PB 0x0000000086f00000| Untracked 
|  48|0x0000000087000000, 0x0000000087000000, 0x0000000087100000|  0%| F|  |TAMS 0x0000000087000000| PB 0x0000000087000000| Untracked 
|  49|0x0000000087100000, 0x0000000087100000, 0x0000000087200000|  0%| F|  |TAMS 0x0000000087100000| PB 0x0000000087100000| Untracked 
|  50|0x0000000087200000, 0x0000000087200000, 0x0000000087300000|  0%| F|  |TAMS 0x0000000087200000| PB 0x0000000087200000| Untracked 
|  51|0x0000000087300000, 0x0000000087300000, 0x0000000087400000|  0%| F|  |TAMS 0x0000000087300000| PB 0x0000000087300000| Untracked 
|  52|0x0000000087400000, 0x0000000087400000, 0x0000000087500000|  0%| F|  |TAMS 0x0000000087400000| PB 0x0000000087400000| Untracked 
|  53|0x0000000087500000, 0x0000000087500000, 0x0000000087600000|  0%| F|  |TAMS 0x0000000087500000| PB 0x0000000087500000| Untracked 
|  54|0x0000000087600000, 0x0000000087600000, 0x0000000087700000|  0%| F|  |TAMS 0x0000000087600000| PB 0x0000000087600000| Untracked 
|  55|0x0000000087700000, 0x0000000087700000, 0x0000000087800000|  0%| F|  |TAMS 0x0000000087700000| PB 0x0000000087700000| Untracked 
|  56|0x0000000087800000, 0x0000000087800000, 0x0000000087900000|  0%| F|  |TAMS 0x0000000087800000| PB 0x0000000087800000| Untracked 
|  57|0x0000000087900000, 0x0000000087900000, 0x0000000087a00000|  0%| F|  |TAMS 0x0000000087900000| PB 0x0000000087900000| Untracked 
|  58|0x0000000087a00000, 0x0000000087a00000, 0x0000000087b00000|  0%| F|  |TAMS 0x0000000087a00000| PB 0x0000000087a00000| Untracked 
|  59|0x0000000087b00000, 0x0000000087b00000, 0x0000000087c00000|  0%| F|  |TAMS 0x0000000087b00000| PB 0x0000000087b00000| Untracked 
|  60|0x0000000087c00000, 0x0000000087c00000, 0x0000000087d00000|  0%| F|  |TAMS 0x0000000087c00000| PB 0x0000000087c00000| Untracked 
|  61|0x0000000087d00000, 0x0000000087d00000, 0x0000000087e00000|  0%| F|  |TAMS 0x0000000087d00000| PB 0x0000000087d00000| Untracked 
|  62|0x0000000087e00000, 0x0000000087e00000, 0x0000000087f00000|  0%| F|  |TAMS 0x0000000087e00000| PB 0x0000000087e00000| Untracked 
|  63|0x0000000087f00000, 0x0000000087f00000, 0x0000000088000000|  0%| F|  |TAMS 0x0000000087f00000| PB 0x0000000087f00000| Untracked 
|  64|0x0000000088000000, 0x0000000088000000, 0x0000000088100000|  0%| F|  |TAMS 0x0000000088000000| PB 0x0000000088000000| Untracked 
|  65|0x0000000088100000, 0x0000000088100000, 0x0000000088200000|  0%| F|  |TAMS 0x0000000088100000| PB 0x0000000088100000| Untracked 
|  66|0x0000000088200000, 0x0000000088200000, 0x0000000088300000|  0%| F|  |TAMS 0x0000000088200000| PB 0x0000000088200000| Untracked 
|  67|0x0000000088300000, 0x0000000088300000, 0x0000000088400000|  0%| F|  |TAMS 0x0000000088300000| PB 0x0000000088300000| Untracked 
|  68|0x0000000088400000, 0x0000000088400000, 0x0000000088500000|  0%| F|  |TAMS 0x0000000088400000| PB 0x0000000088400000| Untracked 
|  69|0x0000000088500000, 0x0000000088500000, 0x0000000088600000|  0%| F|  |TAMS 0x0000000088500000| PB 0x0000000088500000| Untracked 
|  70|0x0000000088600000, 0x0000000088600000, 0x0000000088700000|  0%| F|  |TAMS 0x0000000088600000| PB 0x0000000088600000| Untracked 
|  71|0x0000000088700000, 0x0000000088700000, 0x0000000088800000|  0%| F|  |TAMS 0x0000000088700000| PB 0x0000000088700000| Untracked 
|  72|0x0000000088800000, 0x0000000088800000, 0x0000000088900000|  0%| F|  |TAMS 0x0000000088800000| PB 0x0000000088800000| Untracked 
|  73|0x0000000088900000, 0x0000000088900000, 0x0000000088a00000|  0%| F|  |TAMS 0x0000000088900000| PB 0x0000000088900000| Untracked 
|  74|0x0000000088a00000, 0x0000000088a00000, 0x0000000088b00000|  0%| F|  |TAMS 0x0000000088a00000| PB 0x0000000088a00000| Untracked 
|  75|0x0000000088b00000, 0x0000000088b00000, 0x0000000088c00000|  0%| F|  |TAMS 0x0000000088b00000| PB 0x0000000088b00000| Untracked 
|  76|0x0000000088c00000, 0x0000000088c00000, 0x0000000088d00000|  0%| F|  |TAMS 0x0000000088c00000| PB 0x0000000088c00000| Untracked 
|  77|0x0000000088d00000, 0x0000000088d00000, 0x0000000088e00000|  0%| F|  |TAMS 0x0000000088d00000| PB 0x0000000088d00000| Untracked 
|  78|0x0000000088e00000, 0x0000000088e00000, 0x0000000088f00000|  0%| F|  |TAMS 0x0000000088e00000| PB 0x0000000088e00000| Untracked 
|  79|0x0000000088f00000, 0x0000000088f00000, 0x0000000089000000|  0%| F|  |TAMS 0x0000000088f00000| PB 0x0000000088f00000| Untracked 
|  80|0x0000000089000000, 0x0000000089000000, 0x0000000089100000|  0%| F|  |TAMS 0x0000000089000000| PB 0x0000000089000000| Untracked 
|  81|0x0000000089100000, 0x0000000089100000, 0x0000000089200000|  0%| F|  |TAMS 0x0000000089100000| PB 0x0000000089100000| Untracked 
|  82|0x0000000089200000, 0x0000000089200000, 0x0000000089300000|  0%| F|  |TAMS 0x0000000089200000| PB 0x0000000089200000| Untracked 
|  83|0x0000000089300000, 0x0000000089300000, 0x0000000089400000|  0%| F|  |TAMS 0x0000000089300000| PB 0x0000000089300000| Untracked 
|  84|0x0000000089400000, 0x0000000089400000, 0x0000000089500000|  0%| F|  |TAMS 0x0000000089400000| PB 0x0000000089400000| Untracked 
|  85|0x0000000089500000, 0x0000000089500000, 0x0000000089600000|  0%| F|  |TAMS 0x0000000089500000| PB 0x0000000089500000| Untracked 
|  86|0x0000000089600000, 0x0000000089600000, 0x0000000089700000|  0%| F|  |TAMS 0x0000000089600000| PB 0x0000000089600000| Untracked 
|  87|0x0000000089700000, 0x0000000089700000, 0x0000000089800000|  0%| F|  |TAMS 0x0000000089700000| PB 0x0000000089700000| Untracked 
|  88|0x0000000089800000, 0x0000000089800000, 0x0000000089900000|  0%| F|  |TAMS 0x0000000089800000| PB 0x0000000089800000| Untracked 
|  89|0x0000000089900000, 0x0000000089900000, 0x0000000089a00000|  0%| F|  |TAMS 0x0000000089900000| PB 0x0000000089900000| Untracked 
|  90|0x0000000089a00000, 0x0000000089ad6b10, 0x0000000089b00000| 83%| E|  |TAMS 0x0000000089a00000| PB 0x0000000089a00000| Complete 
|  91|0x0000000089b00000, 0x0000000089c00000, 0x0000000089c00000|100%| E|CS|TAMS 0x0000000089b00000| PB 0x0000000089b00000| Complete 
|  92|0x0000000089c00000, 0x0000000089d00000, 0x0000000089d00000|100%| E|CS|TAMS 0x0000000089c00000| PB 0x0000000089c00000| Complete 
|  93|0x0000000089d00000, 0x0000000089e00000, 0x0000000089e00000|100%| E|CS|TAMS 0x0000000089d00000| PB 0x0000000089d00000| Complete 
|  94|0x0000000089e00000, 0x0000000089f00000, 0x0000000089f00000|100%| E|CS|TAMS 0x0000000089e00000| PB 0x0000000089e00000| Complete 
|  95|0x0000000089f00000, 0x000000008a000000, 0x000000008a000000|100%| E|CS|TAMS 0x0000000089f00000| PB 0x0000000089f00000| Complete 
|  96|0x000000008a000000, 0x000000008a0ad2a0, 0x000000008a100000| 67%| S|CS|TAMS 0x000000008a000000| PB 0x000000008a000000| Complete 
|  97|0x000000008a100000, 0x000000008a200000, 0x000000008a200000|100%| S|CS|TAMS 0x000000008a100000| PB 0x000000008a100000| Complete 
|  98|0x000000008a200000, 0x000000008a300000, 0x000000008a300000|100%| S|CS|TAMS 0x000000008a200000| PB 0x000000008a200000| Complete 
|  99|0x000000008a300000, 0x000000008a400000, 0x000000008a400000|100%| E|CS|TAMS 0x000000008a300000| PB 0x000000008a300000| Complete 
| 100|0x000000008a400000, 0x000000008a500000, 0x000000008a500000|100%| E|CS|TAMS 0x000000008a400000| PB 0x000000008a400000| Complete 
| 101|0x000000008a500000, 0x000000008a600000, 0x000000008a600000|100%| E|CS|TAMS 0x000000008a500000| PB 0x000000008a500000| Complete 
| 102|0x000000008a600000, 0x000000008a700000, 0x000000008a700000|100%| E|CS|TAMS 0x000000008a600000| PB 0x000000008a600000| Complete 
| 103|0x000000008a700000, 0x000000008a800000, 0x000000008a800000|100%| E|CS|TAMS 0x000000008a700000| PB 0x000000008a700000| Complete 
| 104|0x000000008a800000, 0x000000008a900000, 0x000000008a900000|100%| E|CS|TAMS 0x000000008a800000| PB 0x000000008a800000| Complete 
| 105|0x000000008a900000, 0x000000008aa00000, 0x000000008aa00000|100%| E|CS|TAMS 0x000000008a900000| PB 0x000000008a900000| Complete 
| 106|0x000000008aa00000, 0x000000008ab00000, 0x000000008ab00000|100%| E|CS|TAMS 0x000000008aa00000| PB 0x000000008aa00000| Complete 
| 107|0x000000008ab00000, 0x000000008ac00000, 0x000000008ac00000|100%| E|CS|TAMS 0x000000008ab00000| PB 0x000000008ab00000| Complete 
| 108|0x000000008ac00000, 0x000000008ad00000, 0x000000008ad00000|100%| E|CS|TAMS 0x000000008ac00000| PB 0x000000008ac00000| Complete 
| 109|0x000000008ad00000, 0x000000008ae00000, 0x000000008ae00000|100%| E|CS|TAMS 0x000000008ad00000| PB 0x000000008ad00000| Complete 
| 110|0x000000008ae00000, 0x000000008af00000, 0x000000008af00000|100%| E|CS|TAMS 0x000000008ae00000| PB 0x000000008ae00000| Complete 
| 111|0x000000008af00000, 0x000000008b000000, 0x000000008b000000|100%| E|CS|TAMS 0x000000008af00000| PB 0x000000008af00000| Complete 
| 112|0x000000008b000000, 0x000000008b100000, 0x000000008b100000|100%| E|CS|TAMS 0x000000008b000000| PB 0x000000008b000000| Complete 
| 113|0x000000008b100000, 0x000000008b200000, 0x000000008b200000|100%| E|CS|TAMS 0x000000008b100000| PB 0x000000008b100000| Complete 
| 114|0x000000008b200000, 0x000000008b300000, 0x000000008b300000|100%| E|CS|TAMS 0x000000008b200000| PB 0x000000008b200000| Complete 
| 115|0x000000008b300000, 0x000000008b400000, 0x000000008b400000|100%| E|CS|TAMS 0x000000008b300000| PB 0x000000008b300000| Complete 
| 116|0x000000008b400000, 0x000000008b500000, 0x000000008b500000|100%| E|CS|TAMS 0x000000008b400000| PB 0x000000008b400000| Complete 
| 117|0x000000008b500000, 0x000000008b600000, 0x000000008b600000|100%| E|CS|TAMS 0x000000008b500000| PB 0x000000008b500000| Complete 
| 118|0x000000008b600000, 0x000000008b700000, 0x000000008b700000|100%| E|CS|TAMS 0x000000008b600000| PB 0x000000008b600000| Complete 
| 119|0x000000008b700000, 0x000000008b800000, 0x000000008b800000|100%| E|CS|TAMS 0x000000008b700000| PB 0x000000008b700000| Complete 
| 120|0x000000008b800000, 0x000000008b900000, 0x000000008b900000|100%| E|CS|TAMS 0x000000008b800000| PB 0x000000008b800000| Complete 
| 121|0x000000008b900000, 0x000000008ba00000, 0x000000008ba00000|100%| E|CS|TAMS 0x000000008b900000| PB 0x000000008b900000| Complete 
| 122|0x000000008ba00000, 0x000000008bb00000, 0x000000008bb00000|100%| E|CS|TAMS 0x000000008ba00000| PB 0x000000008ba00000| Complete 
| 123|0x000000008bb00000, 0x000000008bc00000, 0x000000008bc00000|100%| E|CS|TAMS 0x000000008bb00000| PB 0x000000008bb00000| Complete 

Card table byte_map: [0x0000020243e80000,0x0000020244260000] _byte_map_base: 0x0000020243a60000

Marking Bits: (CMBitMap*) 0x000002022c690e80
 Bits: [0x0000020244260000, 0x0000020246160000)

Polling page: 0x000002022a620000

Metaspace:

Usage:
  Non-class:     15.80 MB used.
      Class:      2.47 MB used.
       Both:     18.27 MB used.

Virtual space:
  Non-class space:       64.00 MB reserved,      15.94 MB ( 25%) committed,  1 nodes.
      Class space:        1.00 GB reserved,       2.56 MB ( <1%) committed,  1 nodes.
             Both:        1.06 GB reserved,      18.50 MB (  2%) committed. 

Chunk freelists:
   Non-Class:  15.89 MB
       Class:  13.31 MB
        Both:  29.20 MB

MaxMetaspaceSize: unlimited
CompressedClassSpaceSize: 1.00 GB
Initial GC threshold: 21.00 MB
Current GC threshold: 21.00 MB
CDS: on
 - commit_granule_bytes: 65536.
 - commit_granule_words: 8192.
 - virtual_space_node_default_size: 8388608.
 - enlarge_chunks_in_place: 1.
 - use_allocation_guard: 0.


Internal statistics:

num_allocs_failed_limit: 0.
num_arena_births: 290.
num_arena_deaths: 0.
num_vsnodes_births: 2.
num_vsnodes_deaths: 0.
num_space_committed: 296.
num_space_uncommitted: 0.
num_chunks_returned_to_freelist: 0.
num_chunks_taken_from_freelist: 977.
num_chunk_merges: 0.
num_chunk_splits: 613.
num_chunks_enlarged: 423.
num_inconsistent_stats: 0.

CodeHeap 'non-profiled nmethods': size=120000Kb used=978Kb max_used=978Kb free=119021Kb
 bounds [0x000002023c570000, 0x000002023c7e0000, 0x0000020243aa0000]
CodeHeap 'profiled nmethods': size=120000Kb used=4961Kb max_used=4961Kb free=115038Kb
 bounds [0x0000020234aa0000, 0x0000020234f80000, 0x000002023bfd0000]
CodeHeap 'non-nmethods': size=5760Kb used=1573Kb max_used=1599Kb free=4186Kb
 bounds [0x000002023bfd0000, 0x000002023c240000, 0x000002023c570000]
 total_blobs=3012 nmethods=2498 adapters=418
 compilation: enabled
              stopped_count=0, restarted_count=0
 full_count=0

Compilation events (20 events):
Event: 4.826 Thread 0x000002024868ceb0 2471       3       jdk.internal.module.Resources::toPackageName (39 bytes)
Event: 4.826 Thread 0x000002024868ceb0 nmethod 2471 0x0000020234f57710 code [0x0000020234f57940, 0x0000020234f57fc8]
Event: 4.826 Thread 0x000002024868ceb0 2470       1       org.springframework.core.type.classreading.SimpleAnnotationMetadata::getClassName (5 bytes)
Event: 4.827 Thread 0x000002024868ceb0 nmethod 2470 0x000002023c663390 code [0x000002023c663520, 0x000002023c6635e8]
Event: 4.827 Thread 0x000002024868ceb0 2472       3       org.springframework.asm.ClassReader::readMethod (1061 bytes)
Event: 4.832 Thread 0x000002024868ceb0 nmethod 2472 0x0000020234f58290 code [0x0000020234f58a80, 0x0000020234f5d7e0]
Event: 4.832 Thread 0x000002024868ceb0 2473       3       org.springframework.core.type.classreading.SimpleAnnotationMetadataReadingVisitor::visitMethod (52 bytes)
Event: 4.832 Thread 0x000002024868ceb0 nmethod 2473 0x0000020234f5f690 code [0x0000020234f5f900, 0x0000020234f602e0]
Event: 4.832 Thread 0x000002024868ceb0 2474       1       org.springframework.core.io.DefaultResourceLoader::getProtocolResolvers (5 bytes)
Event: 4.832 Thread 0x000002024868ceb0 nmethod 2474 0x000002023c663690 code [0x000002023c663820, 0x000002023c6638e8]
Event: 4.834 Thread 0x000002024868ceb0 2475       3       org.springframework.core.annotation.MergedAnnotationsCollection::isPresent (136 bytes)
Event: 4.835 Thread 0x000002024868ceb0 nmethod 2475 0x0000020234f60690 code [0x0000020234f60920, 0x0000020234f615a0]
Event: 4.836 Thread 0x000002024868ceb0 2476   !   3       sun.net.www.ParseUtil::decode (349 bytes)
Event: 4.839 Thread 0x000002024868ceb0 nmethod 2476 0x0000020234f61b10 code [0x0000020234f62160, 0x0000020234f654c8]
Event: 4.839 Thread 0x000002024868ceb0 2477       3       org.springframework.core.annotation.AbstractMergedAnnotation::isDirectlyPresent (20 bytes)
Event: 4.839 Thread 0x000002024868ceb0 nmethod 2477 0x0000020234f66990 code [0x0000020234f66b60, 0x0000020234f66e88]
Event: 4.839 Thread 0x000002024868ceb0 2479       3       org.springframework.core.type.classreading.SimpleMethodMetadata::hashCode (8 bytes)
Event: 4.839 Thread 0x000002024868ceb0 nmethod 2479 0x0000020234f66f90 code [0x0000020234f67140, 0x0000020234f67318]
Event: 4.839 Thread 0x000002024868ceb0 2478       3       org.springframework.core.annotation.MergedAnnotationsCollection$AnnotationsSpliterator::getMapping (28 bytes)
Event: 4.840 Thread 0x000002024868ceb0 nmethod 2478 0x0000020234f67410 code [0x0000020234f67600, 0x0000020234f67b18]

GC Heap History (6 events):
Event: 0.769 GC heap before
{Heap before GC invocations=0 (full 0):
 garbage-first heap   total 126976K, used 13312K [0x0000000084000000, 0x0000000100000000)
  region size 1024K, 13 young (13312K), 0 survivors (0K)
 Metaspace       used 2300K, committed 2432K, reserved 1114112K
  class space    used 219K, committed 256K, reserved 1048576K
}
Event: 0.777 GC heap after
{Heap after GC invocations=1 (full 0):
 garbage-first heap   total 126976K, used 8192K [0x0000000084000000, 0x0000000100000000)
  region size 1024K, 2 young (2048K), 2 survivors (2048K)
 Metaspace       used 2300K, committed 2432K, reserved 1114112K
  class space    used 219K, committed 256K, reserved 1048576K
}
Event: 1.592 GC heap before
{Heap before GC invocations=1 (full 0):
 garbage-first heap   total 126976K, used 17408K [0x0000000084000000, 0x0000000100000000)
  region size 1024K, 11 young (11264K), 2 survivors (2048K)
 Metaspace       used 4859K, committed 5056K, reserved 1114112K
  class space    used 559K, committed 640K, reserved 1048576K
}
Event: 1.596 GC heap after
{Heap after GC invocations=2 (full 0):
 garbage-first heap   total 126976K, used 9165K [0x0000000084000000, 0x0000000100000000)
  region size 1024K, 1 young (1024K), 1 survivors (1024K)
 Metaspace       used 4859K, committed 5056K, reserved 1114112K
  class space    used 559K, committed 640K, reserved 1048576K
}
Event: 3.279 GC heap before
{Heap before GC invocations=2 (full 0):
 garbage-first heap   total 126976K, used 32717K [0x0000000084000000, 0x0000000100000000)
  region size 1024K, 25 young (25600K), 1 survivors (1024K)
 Metaspace       used 11804K, committed 12096K, reserved 1114112K
  class space    used 1500K, committed 1664K, reserved 1048576K
}
Event: 3.286 GC heap after
{Heap after GC invocations=3 (full 0):
 garbage-first heap   total 126976K, used 11265K [0x0000000084000000, 0x0000000100000000)
  region size 1024K, 3 young (3072K), 3 survivors (3072K)
 Metaspace       used 11804K, committed 12096K, reserved 1114112K
  class space    used 1500K, committed 1664K, reserved 1048576K
}

Dll operation events (8 events):
Event: 0.013 Loaded shared library C:\Users\okeow\.jdks\openjdk-21.0.2\bin\java.dll
Event: 0.066 Loaded shared library C:\Users\okeow\.jdks\openjdk-21.0.2\bin\jsvml.dll
Event: 0.260 Loaded shared library C:\Users\okeow\.jdks\openjdk-21.0.2\bin\net.dll
Event: 0.270 Loaded shared library C:\Users\okeow\.jdks\openjdk-21.0.2\bin\nio.dll
Event: 0.275 Loaded shared library C:\Users\okeow\.jdks\openjdk-21.0.2\bin\zip.dll
Event: 0.373 Loaded shared library C:\Users\okeow\.jdks\openjdk-21.0.2\bin\management.dll
Event: 0.382 Loaded shared library C:\Users\okeow\.jdks\openjdk-21.0.2\bin\management_ext.dll
Event: 0.412 Loaded shared library C:\Users\okeow\.jdks\openjdk-21.0.2\bin\jimage.dll

Deoptimization events (20 events):
Event: 4.394 Thread 0x000002022a3cdf90 Uncommon trap: trap_request=0xffffff45 fr.pc=0x000002023c5d47fc relative=0x000000000000039c
Event: 4.394 Thread 0x000002022a3cdf90 Uncommon trap: reason=unstable_if action=reinterpret pc=0x000002023c5d47fc method=java.lang.Integer.getChars(II[B)I @ 25 c2
Event: 4.394 Thread 0x000002022a3cdf90 DEOPT PACKING pc=0x000002023c5d47fc sp=0x0000007750dfb9d0
Event: 4.394 Thread 0x000002022a3cdf90 DEOPT UNPACKING pc=0x000002023c027da2 sp=0x0000007750dfb908 mode 2
Event: 4.415 Thread 0x000002028f095e70 Uncommon trap: trap_request=0xffffff45 fr.pc=0x000002023c610ea8 relative=0x0000000000001c08
Event: 4.415 Thread 0x000002028f095e70 Uncommon trap: reason=unstable_if action=reinterpret pc=0x000002023c610ea8 method=jdk.internal.org.objectweb.asm.Frame.execute(IILjdk/internal/org/objectweb/asm/Symbol;Ljdk/internal/org/objectweb/asm/SymbolTable;)V @ 1 c2
Event: 4.415 Thread 0x000002028f095e70 DEOPT PACKING pc=0x000002023c610ea8 sp=0x00000077524fd970
Event: 4.415 Thread 0x000002028f095e70 DEOPT UNPACKING pc=0x000002023c027da2 sp=0x00000077524fd8d8 mode 2
Event: 4.498 Thread 0x000002022a3cdf90 Uncommon trap: trap_request=0xffffff45 fr.pc=0x000002023c5d6ab0 relative=0x0000000000000eb0
Event: 4.498 Thread 0x000002022a3cdf90 Uncommon trap: reason=unstable_if action=reinterpret pc=0x000002023c5d6ab0 method=java.util.concurrent.ConcurrentHashMap.putVal(Ljava/lang/Object;Ljava/lang/Object;Z)Ljava/lang/Object; @ 231 c2
Event: 4.498 Thread 0x000002022a3cdf90 DEOPT PACKING pc=0x000002023c5d6ab0 sp=0x0000007750dfc1b0
Event: 4.498 Thread 0x000002022a3cdf90 DEOPT UNPACKING pc=0x000002023c027da2 sp=0x0000007750dfc120 mode 2
Event: 4.519 Thread 0x000002022a3cdf90 Uncommon trap: trap_request=0xffffff45 fr.pc=0x000002023c5ca92c relative=0x000000000000016c
Event: 4.519 Thread 0x000002022a3cdf90 Uncommon trap: reason=unstable_if action=reinterpret pc=0x000002023c5ca92c method=java.util.concurrent.ConcurrentHashMap.addCount(JI)V @ 34 c2
Event: 4.519 Thread 0x000002022a3cdf90 DEOPT PACKING pc=0x000002023c5ca92c sp=0x0000007750df9540
Event: 4.519 Thread 0x000002022a3cdf90 DEOPT UNPACKING pc=0x000002023c027da2 sp=0x0000007750df9480 mode 2
Event: 4.708 Thread 0x000002022a3cdf90 Uncommon trap: trap_request=0xffffff45 fr.pc=0x000002023c648638 relative=0x0000000000000118
Event: 4.708 Thread 0x000002022a3cdf90 Uncommon trap: reason=unstable_if action=reinterpret pc=0x000002023c648638 method=java.util.Arrays.equals([Ljava/lang/Object;[Ljava/lang/Object;)Z @ 44 c2
Event: 4.708 Thread 0x000002022a3cdf90 DEOPT PACKING pc=0x000002023c648638 sp=0x0000007750dfad30
Event: 4.708 Thread 0x000002022a3cdf90 DEOPT UNPACKING pc=0x000002023c027da2 sp=0x0000007750dfacd0 mode 2

Classes loaded (20 events):
Event: 4.537 Loading class sun/reflect/generics/repository/MethodRepository
Event: 4.537 Loading class sun/reflect/generics/repository/MethodRepository done
Event: 4.537 Loading class com/sun/beans/WildcardTypeImpl
Event: 4.538 Loading class com/sun/beans/WildcardTypeImpl done
Event: 4.538 Loading class java/util/AbstractList$ListItr
Event: 4.538 Loading class java/util/AbstractList$Itr
Event: 4.538 Loading class java/util/AbstractList$Itr done
Event: 4.538 Loading class java/util/AbstractList$ListItr done
Event: 4.552 Loading class sun/reflect/generics/tree/BooleanSignature
Event: 4.552 Loading class sun/reflect/generics/tree/BooleanSignature done
Event: 4.552 Loading class sun/reflect/generics/tree/DoubleSignature
Event: 4.552 Loading class sun/reflect/generics/tree/DoubleSignature done
Event: 4.552 Loading class sun/reflect/generics/tree/FloatSignature
Event: 4.552 Loading class sun/reflect/generics/tree/FloatSignature done
Event: 4.553 Loading class sun/reflect/generics/tree/IntSignature
Event: 4.553 Loading class sun/reflect/generics/tree/IntSignature done
Event: 4.553 Loading class sun/reflect/generics/tree/LongSignature
Event: 4.553 Loading class sun/reflect/generics/tree/LongSignature done
Event: 4.553 Loading class sun/reflect/generics/tree/ShortSignature
Event: 4.553 Loading class sun/reflect/generics/tree/ShortSignature done

Classes unloaded (0 events):
No events

Classes redefined (0 events):
No events

Internal exceptions (20 events):
Event: 3.124 Thread 0x000002022a3cdf90 Exception <a 'java/lang/NoSuchMethodError'{0x000000008a5f4a40}: 'java.lang.Object java.lang.invoke.Invokers$Holder.linkToTargetMethod(java.lang.Object, java.lang.Object, java.lang.Object, int, java.lang.Object)'> (0x000000008a5f4a40) 
thrown [s\open\src\hotspot\share\interpreter\linkResolver.cpp, line 773]
Event: 3.131 Thread 0x000002022a3cdf90 Exception <a 'java/lang/NoSuchMethodError'{0x000000008a41e760}: 'java.lang.Object java.lang.invoke.DirectMethodHandle$Holder.invokeInterface(java.lang.Object, java.lang.Object, java.lang.Object, java.lang.Object, java.lang.Object)'> (0x000000008a41e760) 
thrown [s\open\src\hotspot\share\interpreter\linkResolver.cpp, line 773]
Event: 3.131 Thread 0x000002022a3cdf90 Exception <a 'java/lang/IncompatibleClassChangeError'{0x000000008a422288}: Found class java.lang.Object, but interface was expected> (0x000000008a422288) 
thrown [s\open\src\hotspot\share\interpreter\linkResolver.cpp, line 840]
Event: 3.395 Thread 0x000002022a3cdf90 Exception <a 'java/lang/IncompatibleClassChangeError'{0x000000008b922860}: Found class java.lang.Object, but interface was expected> (0x000000008b922860) 
thrown [s\open\src\hotspot\share\interpreter\linkResolver.cpp, line 840]
Event: 3.411 Thread 0x000002022a3cdf90 Exception <a 'sun/nio/fs/WindowsException'{0x000000008b9649c8}> (0x000000008b9649c8) 
thrown [s\open\src\hotspot\share\prims\jni.cpp, line 520]
Event: 3.494 Thread 0x000002022a3cdf90 Exception <a 'java/lang/NoSuchMethodError'{0x000000008b71c650}: 'java.lang.Object java.lang.invoke.Invokers$Holder.invokeExact_MT(java.lang.Object, java.lang.Object, java.lang.Object, java.lang.Object, java.lang.Object)'> (0x000000008b71c650) 
thrown [s\open\src\hotspot\share\interpreter\linkResolver.cpp, line 773]
Event: 3.504 Thread 0x000002022a3cdf90 Exception <a 'java/lang/NoSuchMethodError'{0x000000008b74ac90}: 'java.lang.Object java.lang.invoke.DirectMethodHandle$Holder.invokeSpecial(java.lang.Object, java.lang.Object, java.lang.Object, java.lang.Object, java.lang.Object, java.lang.Object, int)'> (0x000000008b74ac90) 
thrown [s\open\src\hotspot\share\interpreter\linkResolver.cpp, line 773]
Event: 3.504 Thread 0x000002022a3cdf90 Exception <a 'java/lang/NoSuchMethodError'{0x000000008b7546f8}: 'java.lang.Object java.lang.invoke.DirectMethodHandle$Holder.newInvokeSpecial(java.lang.Object, java.lang.Object, java.lang.Object, java.lang.Object, java.lang.Object, java.lang.Object, int)'> (0x000000008b7546f8) 
thrown [s\open\src\hotspot\share\interpreter\linkResolver.cpp, line 773]
Event: 3.505 Thread 0x000002022a3cdf90 Exception <a 'java/lang/NoSuchMethodError'{0x000000008b759208}: 'java.lang.Object java.lang.invoke.DirectMethodHandle$Holder.invokeSpecial(java.lang.Object, java.lang.Object, java.lang.Object, java.lang.Object, java.lang.Object, java.lang.Object, java.lang.Object, int)'> (0x000000008b759208) 
thrown [s\open\src\hotspot\share\interpreter\linkResolver.cpp, line 773]
Event: 3.738 Thread 0x000002022a3cdf90 Exception <a 'java/lang/NoSuchMethodError'{0x000000008b6931d0}: 'void java.lang.invoke.DirectMethodHandle$Holder.invokeStatic(java.lang.Object, java.lang.Object, java.lang.Object, java.lang.Object, java.lang.Object, java.lang.Object)'> (0x000000008b6931d0) 
thrown [s\open\src\hotspot\share\interpreter\linkResolver.cpp, line 773]
Event: 3.778 Thread 0x000002022a3cdf90 Exception <a 'java/lang/NoSuchMethodError'{0x000000008b56b970}: 'java.lang.Object java.lang.invoke.DirectMethodHandle$Holder.invokeSpecial(java.lang.Object, java.lang.Object, java.lang.Object, int, java.lang.Object)'> (0x000000008b56b970) 
thrown [s\open\src\hotspot\share\interpreter\linkResolver.cpp, line 773]
Event: 3.779 Thread 0x000002022a3cdf90 Exception <a 'java/lang/NoSuchMethodError'{0x000000008b5734d0}: 'java.lang.Object java.lang.invoke.DirectMethodHandle$Holder.newInvokeSpecial(java.lang.Object, java.lang.Object, java.lang.Object, int, java.lang.Object)'> (0x000000008b5734d0) 
thrown [s\open\src\hotspot\share\interpreter\linkResolver.cpp, line 773]
Event: 3.779 Thread 0x000002022a3cdf90 Exception <a 'java/lang/NoSuchMethodError'{0x000000008b57ab18}: 'java.lang.Object java.lang.invoke.Invokers$Holder.linkToTargetMethod(java.lang.Object, java.lang.Object, int, java.lang.Object, java.lang.Object)'> (0x000000008b57ab18) 
thrown [s\open\src\hotspot\share\interpreter\linkResolver.cpp, line 773]
Event: 3.781 Thread 0x000002022a3cdf90 Exception <a 'java/lang/NoSuchMethodError'{0x000000008b5893c8}: 'java.lang.Object java.lang.invoke.DirectMethodHandle$Holder.newInvokeSpecial(java.lang.Object, int, java.lang.Object)'> (0x000000008b5893c8) 
thrown [s\open\src\hotspot\share\interpreter\linkResolver.cpp, line 773]
Event: 3.865 Thread 0x000002022a3cdf90 Exception <a 'java/lang/NoSuchMethodError'{0x000000008b317cb8}: 'java.lang.Object java.lang.invoke.DirectMethodHandle$Holder.invokeStatic(java.lang.Object, long, java.lang.Object)'> (0x000000008b317cb8) 
thrown [s\open\src\hotspot\share\interpreter\linkResolver.cpp, line 773]
Event: 3.866 Thread 0x000002022a3cdf90 Exception <a 'java/lang/NoSuchMethodError'{0x000000008b31b870}: 'java.lang.Object java.lang.invoke.DirectMethodHandle$Holder.invokeStaticInit(java.lang.Object, long, java.lang.Object)'> (0x000000008b31b870) 
thrown [s\open\src\hotspot\share\interpreter\linkResolver.cpp, line 773]
Event: 3.866 Thread 0x000002022a3cdf90 Exception <a 'java/lang/NoSuchMethodError'{0x000000008b321538}: 'java.lang.Object java.lang.invoke.DirectMethodHandle$Holder.newInvokeSpecial(java.lang.Object, long)'> (0x000000008b321538) 
thrown [s\open\src\hotspot\share\interpreter\linkResolver.cpp, line 773]
Event: 4.239 Thread 0x000002022a3cdf90 Exception <a 'java/lang/IncompatibleClassChangeError'{0x000000008b151348}: Found class java.lang.Object, but interface was expected> (0x000000008b151348) 
thrown [s\open\src\hotspot\share\interpreter\linkResolver.cpp, line 840]
Event: 4.257 Thread 0x000002022a3cdf90 Exception <a 'java/lang/NoSuchMethodError'{0x000000008b170c00}: 'java.lang.Object java.lang.invoke.DirectMethodHandle$Holder.invokeStatic(java.lang.Object, int, java.lang.Object)'> (0x000000008b170c00) 
thrown [s\open\src\hotspot\share\interpreter\linkResolver.cpp, line 773]
Event: 4.258 Thread 0x000002022a3cdf90 Exception <a 'java/lang/NoSuchMethodError'{0x000000008b1747b0}: 'java.lang.Object java.lang.invoke.DirectMethodHandle$Holder.invokeStaticInit(java.lang.Object, int, java.lang.Object)'> (0x000000008b1747b0) 
thrown [s\open\src\hotspot\share\interpreter\linkResolver.cpp, line 773]

ZGC Phase Switch (0 events):
No events

VM Operations (20 events):
Event: 2.594 Executing VM operation: HandshakeAllThreads (Deoptimize)
Event: 2.594 Executing VM operation: HandshakeAllThreads (Deoptimize) done
Event: 2.849 Executing VM operation: ICBufferFull
Event: 2.849 Executing VM operation: ICBufferFull done
Event: 2.898 Executing VM operation: HandshakeAllThreads (Deoptimize)
Event: 2.898 Executing VM operation: HandshakeAllThreads (Deoptimize) done
Event: 3.137 Executing VM operation: HandshakeAllThreads (Deoptimize)
Event: 3.137 Executing VM operation: HandshakeAllThreads (Deoptimize) done
Event: 3.279 Executing VM operation: G1CollectForAllocation (G1 Evacuation Pause)
Event: 3.286 Executing VM operation: G1CollectForAllocation (G1 Evacuation Pause) done
Event: 3.749 Executing VM operation: HandshakeAllThreads (Deoptimize)
Event: 3.749 Executing VM operation: HandshakeAllThreads (Deoptimize) done
Event: 4.050 Executing VM operation: HandshakeAllThreads (Deoptimize)
Event: 4.050 Executing VM operation: HandshakeAllThreads (Deoptimize) done
Event: 4.134 Executing VM operation: ICBufferFull
Event: 4.134 Executing VM operation: ICBufferFull done
Event: 4.494 Executing VM operation: HandshakeAllThreads (Deoptimize)
Event: 4.494 Executing VM operation: HandshakeAllThreads (Deoptimize) done
Event: 4.554 Executing VM operation: HandshakeAllThreads (Deoptimize)
Event: 4.554 Executing VM operation: HandshakeAllThreads (Deoptimize) done

Events (14 events):
Event: 0.035 Thread 0x000002022a3cdf90 Thread added: 0x000002022a3cdf90
Event: 0.059 Thread 0x0000020248618cc0 Thread added: 0x0000020248618cc0
Event: 0.059 Thread 0x000002024861aaa0 Thread added: 0x000002024861aaa0
Event: 0.060 Thread 0x000002024861b7a0 Thread added: 0x000002024861b7a0
Event: 0.060 Thread 0x000002024861c2f0 Thread added: 0x000002024861c2f0
Event: 0.060 Thread 0x000002024861ce40 Thread added: 0x000002024861ce40
Event: 0.060 Thread 0x000002024861d990 Thread added: 0x000002024861d990
Event: 0.060 Thread 0x0000020248621b40 Thread added: 0x0000020248621b40
Event: 0.072 Thread 0x000002024868ceb0 Thread added: 0x000002024868ceb0
Event: 0.216 Thread 0x000002024886eb50 Thread added: 0x000002024886eb50
Event: 0.218 Thread 0x00000202488767c0 Thread added: 0x00000202488767c0
Event: 0.586 Thread 0x00000202489c6210 Thread added: 0x00000202489c6210
Event: 0.607 Thread 0x000002028e0f8680 Thread added: 0x000002028e0f8680
Event: 4.210 Thread 0x000002028f095e70 Thread added: 0x000002028f095e70


Dynamic libraries:
0x00007ff67a2f0000 - 0x00007ff67a2fe000 	C:\Users\okeow\.jdks\openjdk-21.0.2\bin\java.exe
0x00007fff6abe0000 - 0x00007fff6ade9000 	C:\WINDOWS\SYSTEM32\ntdll.dll
0x00007fff26dd0000 - 0x00007fff26de9000 	C:\Program Files\Avast Software\Avast\aswhook.dll
0x00007fff6a570000 - 0x00007fff6a62d000 	C:\WINDOWS\System32\KERNEL32.DLL
0x00007fff68230000 - 0x00007fff685b4000 	C:\WINDOWS\System32\KERNELBASE.dll
0x00007fff68070000 - 0x00007fff68181000 	C:\WINDOWS\System32\ucrtbase.dll
0x00007fff23870000 - 0x00007fff23888000 	C:\Users\okeow\.jdks\openjdk-21.0.2\bin\jli.dll
0x00007fff69de0000 - 0x00007fff69f8d000 	C:\WINDOWS\System32\USER32.dll
0x00007fff68760000 - 0x00007fff68786000 	C:\WINDOWS\System32\win32u.dll
0x00007fff6a000000 - 0x00007fff6a02a000 	C:\WINDOWS\System32\GDI32.dll
0x00007fff685c0000 - 0x00007fff686de000 	C:\WINDOWS\System32\gdi32full.dll
0x00007fff220a0000 - 0x00007fff220bb000 	C:\Users\okeow\.jdks\openjdk-21.0.2\bin\VCRUNTIME140.dll
0x00007fff68190000 - 0x00007fff6822d000 	C:\WINDOWS\System32\msvcp_win.dll
0x00007fff4e1f0000 - 0x00007fff4e495000 	C:\WINDOWS\WinSxS\amd64_microsoft.windows.common-controls_6595b64144ccf1df_6.0.22000.120_none_9d947278b86cc467\COMCTL32.dll
0x00007fff6a120000 - 0x00007fff6a1c3000 	C:\WINDOWS\System32\msvcrt.dll
0x00007fff6ab60000 - 0x00007fff6ab91000 	C:\WINDOWS\System32\IMM32.DLL
0x00007fff23a10000 - 0x00007fff23a1c000 	C:\Users\okeow\.jdks\openjdk-21.0.2\bin\vcruntime140_1.dll
0x00007fff1e2e0000 - 0x00007fff1e36e000 	C:\Users\okeow\.jdks\openjdk-21.0.2\bin\msvcp140.dll
0x00007fff0bf30000 - 0x00007fff0cc47000 	C:\Users\okeow\.jdks\openjdk-21.0.2\bin\server\jvm.dll
0x00007fff6a3a0000 - 0x00007fff6a44e000 	C:\WINDOWS\System32\ADVAPI32.dll
0x00007fff6a300000 - 0x00007fff6a39e000 	C:\WINDOWS\System32\sechost.dll
0x00007fff6a900000 - 0x00007fff6aa21000 	C:\WINDOWS\System32\RPCRT4.dll
0x00007fff69f90000 - 0x00007fff69fff000 	C:\WINDOWS\System32\WS2_32.dll
0x00007fff67f40000 - 0x00007fff67f8d000 	C:\WINDOWS\SYSTEM32\POWRPROF.dll
0x00007fff5ef70000 - 0x00007fff5efa3000 	C:\WINDOWS\SYSTEM32\WINMM.dll
0x00007fff5e500000 - 0x00007fff5e50a000 	C:\WINDOWS\SYSTEM32\VERSION.dll
0x00007fff67f20000 - 0x00007fff67f33000 	C:\WINDOWS\SYSTEM32\UMPDC.dll
0x00007fff670a0000 - 0x00007fff670b8000 	C:\WINDOWS\SYSTEM32\kernel.appcore.dll
0x00007fff21ec0000 - 0x00007fff21eca000 	C:\Users\okeow\.jdks\openjdk-21.0.2\bin\jimage.dll
0x00007fff65770000 - 0x00007fff65991000 	C:\WINDOWS\SYSTEM32\DBGHELP.DLL
0x00007fff5cfa0000 - 0x00007fff5cfd1000 	C:\WINDOWS\SYSTEM32\dbgcore.DLL
0x00007fff686e0000 - 0x00007fff6875f000 	C:\WINDOWS\System32\bcryptPrimitives.dll
0x00007fff1f9a0000 - 0x00007fff1f9bf000 	C:\Users\okeow\.jdks\openjdk-21.0.2\bin\java.dll
0x00007fff68a40000 - 0x00007fff69205000 	C:\WINDOWS\System32\SHELL32.dll
0x00007fff66100000 - 0x00007fff66962000 	C:\WINDOWS\SYSTEM32\windows.storage.dll
0x00007fff69210000 - 0x00007fff69586000 	C:\WINDOWS\System32\combase.dll
0x00007fff65f90000 - 0x00007fff660f7000 	C:\WINDOWS\SYSTEM32\wintypes.dll
0x00007fff6a030000 - 0x00007fff6a11a000 	C:\WINDOWS\System32\SHCORE.dll
0x00007fff6a6a0000 - 0x00007fff6a6fd000 	C:\WINDOWS\System32\shlwapi.dll
0x00007fff67fa0000 - 0x00007fff67fc5000 	C:\WINDOWS\SYSTEM32\profapi.dll
0x00007fff0bd30000 - 0x00007fff0be07000 	C:\Users\okeow\.jdks\openjdk-21.0.2\bin\jsvml.dll
0x00007fff1ea80000 - 0x00007fff1ea90000 	C:\Users\okeow\.jdks\openjdk-21.0.2\bin\net.dll
0x00007fff5f650000 - 0x00007fff5f764000 	C:\WINDOWS\SYSTEM32\WINHTTP.dll
0x00007fff67550000 - 0x00007fff675b7000 	C:\WINDOWS\system32\mswsock.dll
0x00007fff1ea60000 - 0x00007fff1ea76000 	C:\Users\okeow\.jdks\openjdk-21.0.2\bin\nio.dll
0x00007fff1e2c0000 - 0x00007fff1e2d8000 	C:\Users\okeow\.jdks\openjdk-21.0.2\bin\zip.dll
0x00007fff63bf0000 - 0x00007fff63bfa000 	C:\Users\okeow\.jdks\openjdk-21.0.2\bin\management.dll
0x00007fff63af0000 - 0x00007fff63afb000 	C:\Users\okeow\.jdks\openjdk-21.0.2\bin\management_ext.dll
0x00007fff68a30000 - 0x00007fff68a38000 	C:\WINDOWS\System32\PSAPI.DLL

dbghelp: loaded successfully - version: 4.0.5 - missing functions: none
symbol engine: initialized successfully - sym options: 0x614 - pdb path: .;C:\Users\okeow\.jdks\openjdk-21.0.2\bin;C:\WINDOWS\SYSTEM32;C:\Program Files\Avast Software\Avast;C:\WINDOWS\WinSxS\amd64_microsoft.windows.common-controls_6595b64144ccf1df_6.0.22000.120_none_9d947278b86cc467;C:\Users\okeow\.jdks\openjdk-21.0.2\bin\server

VM Arguments:
java_command: C:\Users\okeow\AppData\Local\Temp\surefire6737661527816880977\surefirebooter-20240212132416227_3.jar C:\Users\okeow\AppData\Local\Temp\surefire6737661527816880977 2024-02-12T13-24-15_965-jvmRun1 surefire-20240212132416227_1tmp surefire_0-20240212132416227_2tmp
java_class_path (initial): C:\Users\okeow\AppData\Local\Temp\surefire6737661527816880977\surefirebooter-20240212132416227_3.jar
Launcher Type: SUN_STANDARD

[Global flags]
     intx CICompilerCount                          = 3                                         {product} {ergonomic}
     uint ConcGCThreads                            = 1                                         {product} {ergonomic}
     uint G1ConcRefinementThreads                  = 4                                         {product} {ergonomic}
   size_t G1HeapRegionSize                         = 1048576                                   {product} {ergonomic}
    uintx GCDrainStackTargetSize                   = 64                                        {product} {ergonomic}
   size_t InitialHeapSize                          = 130023424                                 {product} {ergonomic}
   size_t MarkStackSize                            = 4194304                                   {product} {ergonomic}
   size_t MaxHeapSize                              = 2080374784                                {product} {ergonomic}
   size_t MaxNewSize                               = 1247805440                                {product} {ergonomic}
   size_t MinHeapDeltaBytes                        = 1048576                                   {product} {ergonomic}
   size_t MinHeapSize                              = 8388608                                   {product} {ergonomic}
    uintx NonNMethodCodeHeapSize                   = 5832780                                {pd product} {ergonomic}
    uintx NonProfiledCodeHeapSize                  = 122912730                              {pd product} {ergonomic}
    uintx ProfiledCodeHeapSize                     = 122912730                              {pd product} {ergonomic}
    uintx ReservedCodeCacheSize                    = 251658240                              {pd product} {ergonomic}
     bool SegmentedCodeCache                       = true                                      {product} {ergonomic}
   size_t SoftMaxHeapSize                          = 2080374784                             {manageable} {ergonomic}
     bool UseCompressedOops                        = true                           {product lp64_product} {ergonomic}
     bool UseG1GC                                  = true                                      {product} {ergonomic}
     bool UseLargePagesIndividualAllocation        = false                                  {pd product} {ergonomic}

Logging:
Log output configuration:
 #0: stdout all=warning uptime,level,tags foldmultilines=false
 #1: stderr all=off uptime,level,tags foldmultilines=false

Environment Variables:
PATH=C:\Program Files\Java\jdk-21\bin;C:\Program Files\Common Files\Oracle\Java\javapath;C:\Program Files\Rockwell Software\RSCommon;C:\WINDOWS\system32;C:\WINDOWS;C:\WINDOWS\System32\Wbem;C:\WINDOWS\System32\WindowsPowerShell\v1.0\;C:\WINDOWS\System32\OpenSSH\;C:\Program Files\dotnet\;C:\Program Files\Microsoft SQL Server\130\Tools\Binn\;C:\Program Files\Microsoft SQL Server\Client SDK\ODBC\170\Tools\Binn\;C:\Program Files (x86)\Microsoft SQL Server\Client SDK\ODBC\130\Tools\Binn\;C:\Program Files (x86)\Microsoft SQL Server\140\Tools\Binn\;C:\Program Files (x86)\Microsoft SQL Server\140\DTS\Binn\;C:\Program Files (x86)\Microsoft SQL Server\140\Tools\Binn\ManagementStudio\;C:\Program Files (x86)\Microsoft SQL Server\150\Tools\Binn\;C:\Program Files\Microsoft SQL Server\150\Tools\Binn\;C:\Program Files\Microsoft SQL Server\150\DTS\Binn\;C:\Program Files\nodejs\;C:\Program Files\Docker\Docker\resources\bin;C:\Program Files\MySQL\MySQL Server 8.0\bin;C:\Program Files\Git\cmd;C:\Program Files\MySQL\MySQL Shell 8.0\bin\;C:\Users\okeow\AppData\Local\Programs\Python\Python310\Scripts\;C:\Users\okeow\AppData\Local\Programs\Python\Python310\;C:\Users\okeow\AppData\Local\Microsoft\WindowsApps;C:\Users\okeow\AppData\Local\Programs\Microsoft VS Code\bin;C:\Users\okeow\.dotnet\tools;C:\Program Files\heroku\bin;C:\Users\okeow\AppData\Roaming\npm;C:\Program Files\JetBrains\IntelliJ IDEA Community Edition 2023.3.2\bin;
USERNAME=okeow
OS=Windows_NT
PROCESSOR_IDENTIFIER=Intel64 Family 6 Model 126 Stepping 5, GenuineIntel
TMP=C:\Users\okeow\AppData\Local\Temp
TEMP=C:\Users\okeow\AppData\Local\Temp




Periodic native trim disabled

---------------  S Y S T E M  ---------------

OS:
 Windows 11 , 64 bit Build 22000 (10.0.22000.2538)
OS uptime: 5 days 18:05 hours
Hyper-V role detected

CPU: total 4 (initial active 4) (2 cores per cpu, 2 threads per core) family 6 model 126 stepping 5 microcode 0xa0, cx8, cmov, fxsr, ht, mmx, 3dnowpref, sse, sse2, sse3, ssse3, sse4.1, sse4.2, popcnt, lzcnt, tsc, tscinvbit, avx, avx2, aes, erms, clmul, bmi1, bmi2, adx, avx512f, avx512dq, avx512cd, avx512bw, avx512vl, sha, fma, vzeroupper, avx512_vpopcntdq, avx512_vpclmulqdq, avx512_vaes, avx512_vnni, clflush, clflushopt, avx512_vbmi2, avx512_vbmi, hv, rdtscp, rdpid, fsrm, gfni, avx512_bitalg, f16c, avx512_ifma
Processor Information for all 4 processors :
  Max Mhz: 1190, Current Mhz: 1190, Mhz Limit: 1190

Memory: 4k page, system-wide physical 7934M (316M free)
TotalPageFile size 32510M (AvailPageFile size 6M)
current process WorkingSet (physical memory assigned to process): 129M, peak: 129M
current process commit charge ("private bytes"): 247M, peak: 248M

vm_info: OpenJDK 64-Bit Server VM (21.0.2+13-58) for windows-amd64 JRE (21.0.2+13-58), built on 2024-01-05T18:32:24Z by "mach5one" with MS VC++ 17.1 (VS2022)

END.
